Using pre-set license
Built from '2021.2/staging' branch; Version is '2021.2.10f1 (ee872746220e) revision 15632167'; Using compiler version '192829333'; Build Type 'Release'
OS: 'Windows 10  (10.0.19044) 64bit Core' Language: 'ru' Physical Memory: 16334 MB
BatchMode: 1, IsHumanControllingUs: 0, StartBugReporterOnCrash: 0, Is64bit: 1, IsPro: 0

COMMAND LINE ARGUMENTS:
C:\Program Files\Unity\Hub\Editor\2021.2.10f1\Editor\Unity.exe
-adb2
-batchMode
-noUpm
-name
AssetImportWorker1
-projectPath
D:/Documents/Unity Projects/Simple 2D Platformer
-logFile
Logs/AssetImportWorker1.log
-srvPort
1669
Successfully changed project path to: D:/Documents/Unity Projects/Simple 2D Platformer
D:/Documents/Unity Projects/Simple 2D Platformer
[UnityMemory] Configuration Parameters - Can be set up in boot.config
    "memorysetup-bucket-allocator-granularity=16"
    "memorysetup-bucket-allocator-bucket-count=8"
    "memorysetup-bucket-allocator-block-size=33554432"
    "memorysetup-bucket-allocator-block-count=8"
    "memorysetup-main-allocator-block-size=16777216"
    "memorysetup-thread-allocator-block-size=16777216"
    "memorysetup-gfx-main-allocator-block-size=16777216"
    "memorysetup-gfx-thread-allocator-block-size=16777216"
    "memorysetup-cache-allocator-block-size=4194304"
    "memorysetup-typetree-allocator-block-size=2097152"
    "memorysetup-profiler-bucket-allocator-granularity=16"
    "memorysetup-profiler-bucket-allocator-bucket-count=8"
    "memorysetup-profiler-bucket-allocator-block-size=33554432"
    "memorysetup-profiler-bucket-allocator-block-count=8"
    "memorysetup-profiler-allocator-block-size=16777216"
    "memorysetup-profiler-editor-allocator-block-size=1048576"
    "memorysetup-temp-allocator-size-main=16777216"
    "memorysetup-job-temp-allocator-block-size=2097152"
    "memorysetup-job-temp-allocator-block-size-background=1048576"
    "memorysetup-job-temp-allocator-reduction-small-platforms=262144"
    "memorysetup-temp-allocator-size-background-worker=32768"
    "memorysetup-temp-allocator-size-job-worker=262144"
    "memorysetup-temp-allocator-size-preload-manager=33554432"
    "memorysetup-temp-allocator-size-nav-mesh-worker=65536"
    "memorysetup-temp-allocator-size-audio-worker=65536"
    "memorysetup-temp-allocator-size-cloud-worker=32768"
    "memorysetup-temp-allocator-size-gi-baking-worker=262144"
    "memorysetup-temp-allocator-size-gfx=262144"
Refreshing native plugins compatible for Editor in 99.63 ms, found 4 plugins.
Preloading 0 native plugins for Editor in 0.00 ms.
Initialize engine version: 2021.2.10f1 (ee872746220e)
[Subsystems] Discovering subsystems at path C:/Program Files/Unity/Hub/Editor/2021.2.10f1/Editor/Data/Resources/UnitySubsystems
[Subsystems] Discovering subsystems at path D:/Documents/Unity Projects/Simple 2D Platformer/Assets
GfxDevice: creating device client; threaded=0; jobified=0
Direct3D:
    Version:  Direct3D 11.0 [level 11.1]
    Renderer: NVIDIA GeForce GTX 960 (ID=0x1401)
    Vendor:   NVIDIA
    VRAM:     4053 MB
    Driver:   30.0.14.7196
Initialize mono
Mono path[0] = 'C:/Program Files/Unity/Hub/Editor/2021.2.10f1/Editor/Data/Managed'
Mono path[1] = 'C:/Program Files/Unity/Hub/Editor/2021.2.10f1/Editor/Data/MonoBleedingEdge/lib/mono/unityjit-win32'
Mono config path = 'C:/Program Files/Unity/Hub/Editor/2021.2.10f1/Editor/Data/MonoBleedingEdge/etc'
Using monoOptions --debugger-agent=transport=dt_socket,embedding=1,server=y,suspend=n,address=127.0.0.1:56180
Begin MonoManager ReloadAssembly
Registering precompiled unity dll's ...
Register platform support module: C:/Program Files/Unity/Hub/Editor/2021.2.10f1/Editor/Data/PlaybackEngines/WindowsStandaloneSupport/UnityEditor.WindowsStandalone.Extensions.dll
Registered in 0.016773 seconds.
Native extension for WindowsStandalone target not found
Refreshing native plugins compatible for Editor in 96.41 ms, found 4 plugins.
Preloading 0 native plugins for Editor in 0.00 ms.
Mono: successfully reloaded assembly
- Completed reload, in  0.639 seconds
Domain Reload Profiling:
	ReloadAssembly (640ms)
		BeginReloadAssembly (83ms)
			ExecutionOrderSort (0ms)
			DisableScriptedObjects (0ms)
			BackupInstance (0ms)
			ReleaseScriptingObjects (0ms)
			CreateAndSetChildDomain (1ms)
		EndReloadAssembly (457ms)
			LoadAssemblies (79ms)
			RebuildTransferFunctionScriptingTraits (0ms)
			SetupTypeCache (103ms)
			ReleaseScriptCaches (0ms)
			RebuildScriptCaches (25ms)
			SetupLoadedEditorAssemblies (274ms)
				LogAssemblyErrors (0ms)
				InitializePlatformSupportModulesInManaged (17ms)
				SetLoadedEditorAssemblies (0ms)
				RefreshPlugins (96ms)
				BeforeProcessingInitializeOnLoad (1ms)
				ProcessInitializeOnLoadAttributes (115ms)
				ProcessInitializeOnLoadMethodAttributes (43ms)
				AfterProcessingInitializeOnLoad (0ms)
				EditorAssembliesLoaded (0ms)
			ExecutionOrderSort2 (0ms)
			AwakeInstancesAfterBackupRestoration (0ms)
Platform modules already initialized, skipping
Registering precompiled user dll's ...
Registered in 0.008167 seconds.
Begin MonoManager ReloadAssembly
Symbol file LoadedFromMemory doesn't match image D:\Documents\Unity Projects\Simple 2D Platformer\Library\PackageCache\com.unity.visualscripting@1.7.6\Editor\VisualScripting.Core\Dependencies\YamlDotNet\Unity.VisualScripting.YamlDotNet.dll
Symbol file LoadedFromMemory doesn't match image D:\Documents\Unity Projects\Simple 2D Platformer\Library\PackageCache\com.unity.visualscripting@1.7.6\Editor\VisualScripting.Core\Dependencies\DotNetZip\Unity.VisualScripting.IonicZip.dll
Native extension for WindowsStandalone target not found
Refreshing native plugins compatible for Editor in 96.47 ms, found 4 plugins.
Preloading 0 native plugins for Editor in 0.00 ms.
Mono: successfully reloaded assembly
- Completed reload, in  1.644 seconds
Domain Reload Profiling:
	ReloadAssembly (1644ms)
		BeginReloadAssembly (116ms)
			ExecutionOrderSort (0ms)
			DisableScriptedObjects (6ms)
			BackupInstance (0ms)
			ReleaseScriptingObjects (0ms)
			CreateAndSetChildDomain (19ms)
		EndReloadAssembly (1419ms)
			LoadAssemblies (87ms)
			RebuildTransferFunctionScriptingTraits (0ms)
			SetupTypeCache (230ms)
			ReleaseScriptCaches (1ms)
			RebuildScriptCaches (51ms)
			SetupLoadedEditorAssemblies (1007ms)
				LogAssemblyErrors (0ms)
				InitializePlatformSupportModulesInManaged (14ms)
				SetLoadedEditorAssemblies (0ms)
				RefreshPlugins (97ms)
				BeforeProcessingInitializeOnLoad (110ms)
				ProcessInitializeOnLoadAttributes (741ms)
				ProcessInitializeOnLoadMethodAttributes (32ms)
				AfterProcessingInitializeOnLoad (13ms)
				EditorAssembliesLoaded (0ms)
			ExecutionOrderSort2 (0ms)
			AwakeInstancesAfterBackupRestoration (7ms)
Platform modules already initialized, skipping
========================================================================
Worker process is ready to serve import requests
Launched and connected shader compiler UnityShaderCompiler.exe after 0.07 seconds
Refreshing native plugins compatible for Editor in 0.86 ms, found 4 plugins.
Preloading 0 native plugins for Editor in 0.00 ms.
Unloading 3921 Unused Serialized files (Serialized files now loaded: 0)
Unloading 43 unused Assets / (225.5 KB). Loaded Objects now: 4370.
Memory consumption went from 147.2 MB to 146.9 MB.
Total: 3.476300 ms (FindLiveObjects: 0.318400 ms CreateObjectMapping: 0.113000 ms MarkObjects: 2.905500 ms  DeleteObjects: 0.138500 ms)

AssetImportParameters requested are different than current active one (requested -> active):
  custom:video-decoder-ogg-theora: a1e56fd34408186e4bbccfd4996cb3dc -> 
  custom:container-muxer-webm: aa71ff27fc2769a1b78a27578f13a17b -> 
  custom:container-demuxer-webm: 4f35f7cbe854078d1ac9338744f61a02 -> 
  custom:video-encoder-webm-vp8: eb34c28f22e8b96e1ab97ce403110664 -> 
  custom:audio-encoder-webm-vorbis: bf7c407c2cedff20999df2af8eb42d56 -> 
  custom:framework-win-MediaFoundation: 216162199b28c13a410421893ffa2e32 -> 
  custom:container-demuxer-ogg: 62fdf1f143b41e24485cea50d1cbac27 -> 
  custom:video-decoder-webm-vp8: 9c59270c3fd7afecdb556c50c9e8de78 -> 
  custom:audio-decoder-ogg-vorbis: bf7c407c2cedff20999df2af8eb42d56 -> 
========================================================================
Received Import Request.
  Time since last request: 89513.207266 seconds.
  path: Assets/Platform tile pack/ArtWork/Sprites/background.png
  artifactKey: Guid(2ac58b6ca21de894abca6f54a207a2e5) Importer(815301076,1909f56bfc062723c751e8b465ee728b)
Start importing Assets/Platform tile pack/ArtWork/Sprites/background.png using Guid(2ac58b6ca21de894abca6f54a207a2e5) Importer(815301076,1909f56bfc062723c751e8b465ee728b)  -> (artifact id: '65219a7519f71860de1ef14a8a33700e') in 0.047610 seconds 
========================================================================
Received Import Request.
  Time since last request: 27.649921 seconds.
  path: Assets/Platform tile pack/ArtWork/Tiles/Tileset_0.asset
  artifactKey: Guid(e75dfab64b09f364cb5a41289e50fc9a) Importer(815301076,1909f56bfc062723c751e8b465ee728b)
Start importing Assets/Platform tile pack/ArtWork/Tiles/Tileset_0.asset using Guid(e75dfab64b09f364cb5a41289e50fc9a) Importer(815301076,1909f56bfc062723c751e8b465ee728b)  -> (artifact id: '6c3d1a6c4d7dff5fa54771f1ac7fabb6') in 0.017195 seconds 
========================================================================
Received Import Request.
  Time since last request: 0.020417 seconds.
  path: Assets/Platform tile pack/ArtWork/Tiles/Tileset_1.asset
  artifactKey: Guid(7c8de5009727a87448067debb5a98ce0) Importer(815301076,1909f56bfc062723c751e8b465ee728b)
Start importing Assets/Platform tile pack/ArtWork/Tiles/Tileset_1.asset using Guid(7c8de5009727a87448067debb5a98ce0) Importer(815301076,1909f56bfc062723c751e8b465ee728b)  -> (artifact id: 'd7fe0bd23285342d0d10bdac84cb4cc7') in 0.005051 seconds 
========================================================================
Received Import Request.
  Time since last request: 0.000015 seconds.
  path: Assets/Platform tile pack/ArtWork/Tiles/Tileset_13.asset
  artifactKey: Guid(596e3483ffd9cc442a116ff3f1018a6d) Importer(815301076,1909f56bfc062723c751e8b465ee728b)
Start importing Assets/Platform tile pack/ArtWork/Tiles/Tileset_13.asset using Guid(596e3483ffd9cc442a116ff3f1018a6d) Importer(815301076,1909f56bfc062723c751e8b465ee728b)  -> (artifact id: 'aef550baa768c716d95529fcfee8750e') in 0.005210 seconds 
========================================================================
Received Import Request.
  Time since last request: 0.000016 seconds.
  path: Assets/Platform tile pack/ArtWork/Tiles/Tileset_19.asset
  artifactKey: Guid(ced1be987d85e894481d3d81621b6dc9) Importer(815301076,1909f56bfc062723c751e8b465ee728b)
Start importing Assets/Platform tile pack/ArtWork/Tiles/Tileset_19.asset using Guid(ced1be987d85e894481d3d81621b6dc9) Importer(815301076,1909f56bfc062723c751e8b465ee728b)  -> (artifact id: '823c890e111426940a0dde08517e4220') in 0.004706 seconds 
========================================================================
Received Import Request.
  Time since last request: 0.000020 seconds.
  path: Assets/Platform tile pack/ArtWork/Tiles/Tileset_56.asset
  artifactKey: Guid(ef5791e65c27e8745b3d92a7b5b7d977) Importer(815301076,1909f56bfc062723c751e8b465ee728b)
Start importing Assets/Platform tile pack/ArtWork/Tiles/Tileset_56.asset using Guid(ef5791e65c27e8745b3d92a7b5b7d977) Importer(815301076,1909f56bfc062723c751e8b465ee728b)  -> (artifact id: '2f68d4a16e505804bbe86b8423746c45') in 0.005904 seconds 
========================================================================
Received Import Request.
  Time since last request: 0.000019 seconds.
  path: Assets/Platform tile pack/ArtWork/Tiles/Tileset_64.asset
  artifactKey: Guid(5d36cabca48851742898ee1e63481b78) Importer(815301076,1909f56bfc062723c751e8b465ee728b)
Start importing Assets/Platform tile pack/ArtWork/Tiles/Tileset_64.asset using Guid(5d36cabca48851742898ee1e63481b78) Importer(815301076,1909f56bfc062723c751e8b465ee728b)  -> (artifact id: '4993dbaf8b6c5be7178d7cd7a69d5895') in 0.006117 seconds 
========================================================================
Received Import Request.
  Time since last request: 0.000018 seconds.
  path: Assets/Platform tile pack/ArtWork/Tiles/Tileset_74.asset
  artifactKey: Guid(44f9bd91932c9f24999bb82e5b9025eb) Importer(815301076,1909f56bfc062723c751e8b465ee728b)
Start importing Assets/Platform tile pack/ArtWork/Tiles/Tileset_74.asset using Guid(44f9bd91932c9f24999bb82e5b9025eb) Importer(815301076,1909f56bfc062723c751e8b465ee728b)  -> (artifact id: 'b15590ed048b2c948dac6060d5bc01c0') in 0.004892 seconds 
========================================================================
Received Import Request.
  Time since last request: 0.000017 seconds.
  path: Assets/Platform tile pack/ArtWork/Tiles/Tileset_9.asset
  artifactKey: Guid(a71ac8a35a8b09f4dbf12a3362277f76) Importer(815301076,1909f56bfc062723c751e8b465ee728b)
Start importing Assets/Platform tile pack/ArtWork/Tiles/Tileset_9.asset using Guid(a71ac8a35a8b09f4dbf12a3362277f76) Importer(815301076,1909f56bfc062723c751e8b465ee728b)  -> (artifact id: '631db739ffcd17d9c590267fb02f0f90') in 0.005587 seconds 
========================================================================
Received Import Request.
  Time since last request: 0.000033 seconds.
  path: Assets/Platform tile pack/ArtWork/Tiles/Tileset_49.asset
  artifactKey: Guid(ea575859c80782f41aaca39fe4c19ebe) Importer(815301076,1909f56bfc062723c751e8b465ee728b)
Start importing Assets/Platform tile pack/ArtWork/Tiles/Tileset_49.asset using Guid(ea575859c80782f41aaca39fe4c19ebe) Importer(815301076,1909f56bfc062723c751e8b465ee728b)  -> (artifact id: '35878de4d515bbbefaebd6d37071dd63') in 0.005785 seconds 
========================================================================
Received Import Request.
  Time since last request: 0.000018 seconds.
  path: Assets/Platform tile pack/ArtWork/Tiles/Tileset_69.asset
  artifactKey: Guid(cb45fa115bfec3348b8c86d6c5d7fbdc) Importer(815301076,1909f56bfc062723c751e8b465ee728b)
Start importing Assets/Platform tile pack/ArtWork/Tiles/Tileset_69.asset using Guid(cb45fa115bfec3348b8c86d6c5d7fbdc) Importer(815301076,1909f56bfc062723c751e8b465ee728b)  -> (artifact id: 'cf31360c5e8aebdd83d8646704123a2b') in 0.005239 seconds 
========================================================================
Received Import Request.
  Time since last request: 0.000019 seconds.
  path: Assets/Platform tile pack/ArtWork/Tiles/Tileset_12.asset
  artifactKey: Guid(86f190d72d1652c45948f2dfe388b9aa) Importer(815301076,1909f56bfc062723c751e8b465ee728b)
Start importing Assets/Platform tile pack/ArtWork/Tiles/Tileset_12.asset using Guid(86f190d72d1652c45948f2dfe388b9aa) Importer(815301076,1909f56bfc062723c751e8b465ee728b)  -> (artifact id: 'c5275b54fd3347b26d8b3f0b81c60f84') in 0.005702 seconds 
========================================================================
Received Import Request.
  Time since last request: 0.000018 seconds.
  path: Assets/Platform tile pack/ArtWork/Tiles/Tileset_65.asset
  artifactKey: Guid(754b22071986161408ad85561f8798d1) Importer(815301076,1909f56bfc062723c751e8b465ee728b)
Start importing Assets/Platform tile pack/ArtWork/Tiles/Tileset_65.asset using Guid(754b22071986161408ad85561f8798d1) Importer(815301076,1909f56bfc062723c751e8b465ee728b)  -> (artifact id: '4495c14761bbe80b0826e15429b4ae03') in 0.004872 seconds 
========================================================================
Received Import Request.
  Time since last request: 0.000016 seconds.
  path: Assets/Platform tile pack/ArtWork/Tiles/Tileset_48.asset
  artifactKey: Guid(c5c9b8bd09afca4458f85a98c693b929) Importer(815301076,1909f56bfc062723c751e8b465ee728b)
Start importing Assets/Platform tile pack/ArtWork/Tiles/Tileset_48.asset using Guid(c5c9b8bd09afca4458f85a98c693b929) Importer(815301076,1909f56bfc062723c751e8b465ee728b)  -> (artifact id: '157e0f1c9c43bdad0945024581781be1') in 0.005252 seconds 
========================================================================
Received Import Request.
  Time since last request: 0.000017 seconds.
  path: Assets/Platform tile pack/ArtWork/Tiles/Tileset_68.asset
  artifactKey: Guid(405d8a201fd859446a7a20c7f4077536) Importer(815301076,1909f56bfc062723c751e8b465ee728b)
Start importing Assets/Platform tile pack/ArtWork/Tiles/Tileset_68.asset using Guid(405d8a201fd859446a7a20c7f4077536) Importer(815301076,1909f56bfc062723c751e8b465ee728b)  -> (artifact id: 'c4de955c55ab40d65e9fb7f4cff241c7') in 0.005612 seconds 
========================================================================
Received Import Request.
  Time since last request: 0.000015 seconds.
  path: Assets/Platform tile pack/ArtWork/Tiles/Tileset_43.asset
  artifactKey: Guid(f3d630f6d496e6c4ba7ea882f1fe553c) Importer(815301076,1909f56bfc062723c751e8b465ee728b)
Start importing Assets/Platform tile pack/ArtWork/Tiles/Tileset_43.asset using Guid(f3d630f6d496e6c4ba7ea882f1fe553c) Importer(815301076,1909f56bfc062723c751e8b465ee728b)  -> (artifact id: '1d6fdf9c5a754ac24d4bd52afe92d312') in 0.005146 seconds 
========================================================================
Received Import Request.
  Time since last request: 0.000015 seconds.
  path: Assets/Platform tile pack/ArtWork/Tiles/Tileset_25.asset
  artifactKey: Guid(429d7ef1de56b3d40b6ccc94529001a4) Importer(815301076,1909f56bfc062723c751e8b465ee728b)
Start importing Assets/Platform tile pack/ArtWork/Tiles/Tileset_25.asset using Guid(429d7ef1de56b3d40b6ccc94529001a4) Importer(815301076,1909f56bfc062723c751e8b465ee728b)  -> (artifact id: 'b6cd5b6014b20bdf800a2af21d207709') in 0.006271 seconds 
========================================================================
Received Import Request.
  Time since last request: 0.000023 seconds.
  path: Assets/Platform tile pack/ArtWork/Tiles/Tileset_38.asset
  artifactKey: Guid(7603470b01ddc7c47b46c2dfcfd68640) Importer(815301076,1909f56bfc062723c751e8b465ee728b)
Start importing Assets/Platform tile pack/ArtWork/Tiles/Tileset_38.asset using Guid(7603470b01ddc7c47b46c2dfcfd68640) Importer(815301076,1909f56bfc062723c751e8b465ee728b)  -> (artifact id: '37b25ff055298328dccc1c34e1cb9345') in 0.005454 seconds 
========================================================================
Received Import Request.
  Time since last request: 0.000020 seconds.
  path: Assets/Platform tile pack/ArtWork/Tiles/Tileset_57.asset
  artifactKey: Guid(4f1456c628f036547ba43ca6ea53dbd4) Importer(815301076,1909f56bfc062723c751e8b465ee728b)
Start importing Assets/Platform tile pack/ArtWork/Tiles/Tileset_57.asset using Guid(4f1456c628f036547ba43ca6ea53dbd4) Importer(815301076,1909f56bfc062723c751e8b465ee728b)  -> (artifact id: 'efec99106867479ad5255a4b2930cf8d') in 0.005160 seconds 
========================================================================
Received Import Request.
  Time since last request: 0.000015 seconds.
  path: Assets/Platform tile pack/ArtWork/Tiles/Tileset_75.asset
  artifactKey: Guid(3c461bd7b4c320a4f83b903bdd514e8e) Importer(815301076,1909f56bfc062723c751e8b465ee728b)
Start importing Assets/Platform tile pack/ArtWork/Tiles/Tileset_75.asset using Guid(3c461bd7b4c320a4f83b903bdd514e8e) Importer(815301076,1909f56bfc062723c751e8b465ee728b)  -> (artifact id: 'f11703ef2c9e8e8bd19952011ec611ce') in 0.005587 seconds 
========================================================================
Received Import Request.
  Time since last request: 0.000013 seconds.
  path: Assets/Platform tile pack/ArtWork/Tiles/Tileset_20.asset
  artifactKey: Guid(0a51796b08f2adc42908558acf5852db) Importer(815301076,1909f56bfc062723c751e8b465ee728b)
Start importing Assets/Platform tile pack/ArtWork/Tiles/Tileset_20.asset using Guid(0a51796b08f2adc42908558acf5852db) Importer(815301076,1909f56bfc062723c751e8b465ee728b)  -> (artifact id: '469de70a27611c1ad5b141cbe8d162c7') in 0.005163 seconds 
========================================================================
Received Import Request.
  Time since last request: 0.000016 seconds.
  path: Assets/Platform tile pack/ArtWork/Tiles/Tileset_23.asset
  artifactKey: Guid(b6395a7246b613b4087f3209148e8a2c) Importer(815301076,1909f56bfc062723c751e8b465ee728b)
Start importing Assets/Platform tile pack/ArtWork/Tiles/Tileset_23.asset using Guid(b6395a7246b613b4087f3209148e8a2c) Importer(815301076,1909f56bfc062723c751e8b465ee728b)  -> (artifact id: 'e97b3fe9a3eac20242450a808a102801') in 0.005083 seconds 
========================================================================
Received Import Request.
  Time since last request: 0.000023 seconds.
  path: Assets/Platform tile pack/ArtWork/Tiles/Tileset_8.asset
  artifactKey: Guid(584f10d5841a24d45b1e5acc36c04ec2) Importer(815301076,1909f56bfc062723c751e8b465ee728b)
Start importing Assets/Platform tile pack/ArtWork/Tiles/Tileset_8.asset using Guid(584f10d5841a24d45b1e5acc36c04ec2) Importer(815301076,1909f56bfc062723c751e8b465ee728b)  -> (artifact id: '9dab295e5d45595c0d46853652d0bf14') in 0.006189 seconds 
========================================================================
Received Import Request.
  Time since last request: 0.000014 seconds.
  path: Assets/Platform tile pack/ArtWork/Tiles/Tileset_67.asset
  artifactKey: Guid(a2190a63fb0d78b4f8bdf4bd26907657) Importer(815301076,1909f56bfc062723c751e8b465ee728b)
Start importing Assets/Platform tile pack/ArtWork/Tiles/Tileset_67.asset using Guid(a2190a63fb0d78b4f8bdf4bd26907657) Importer(815301076,1909f56bfc062723c751e8b465ee728b)  -> (artifact id: 'fb957205b00175bd0eb11a833890bd9c') in 0.005214 seconds 
========================================================================
Received Import Request.
  Time since last request: 0.000014 seconds.
  path: Assets/Platform tile pack/ArtWork/Tiles/Tileset_14.asset
  artifactKey: Guid(050883a66492b754c8ec34984f4641da) Importer(815301076,1909f56bfc062723c751e8b465ee728b)
Start importing Assets/Platform tile pack/ArtWork/Tiles/Tileset_14.asset using Guid(050883a66492b754c8ec34984f4641da) Importer(815301076,1909f56bfc062723c751e8b465ee728b)  -> (artifact id: '3f0bde5f8d5055b716b0364e26087d04') in 0.005148 seconds 
========================================================================
Received Import Request.
  Time since last request: 0.000020 seconds.
  path: Assets/Platform tile pack/ArtWork/Tiles/Tileset_42.asset
  artifactKey: Guid(f14995cd3618d87409102d2247ab197e) Importer(815301076,1909f56bfc062723c751e8b465ee728b)
Start importing Assets/Platform tile pack/ArtWork/Tiles/Tileset_42.asset using Guid(f14995cd3618d87409102d2247ab197e) Importer(815301076,1909f56bfc062723c751e8b465ee728b)  -> (artifact id: '7fca078cfd0f666830bcdf9988e07f60') in 0.004973 seconds 
========================================================================
Received Import Request.
  Time since last request: 0.000013 seconds.
  path: Assets/Platform tile pack/ArtWork/Tiles/Tileset_24.asset
  artifactKey: Guid(9c4b07b011beb854c92b5e0ef38a83c4) Importer(815301076,1909f56bfc062723c751e8b465ee728b)
Start importing Assets/Platform tile pack/ArtWork/Tiles/Tileset_24.asset using Guid(9c4b07b011beb854c92b5e0ef38a83c4) Importer(815301076,1909f56bfc062723c751e8b465ee728b)  -> (artifact id: '55071032a11e0516798dab794a4a64d8') in 0.005028 seconds 
========================================================================
Received Import Request.
  Time since last request: 0.000013 seconds.
  path: Assets/Platform tile pack/ArtWork/Tiles/Tileset_32.asset
  artifactKey: Guid(2d3e4821c0602b743befc71849a70192) Importer(815301076,1909f56bfc062723c751e8b465ee728b)
Start importing Assets/Platform tile pack/ArtWork/Tiles/Tileset_32.asset using Guid(2d3e4821c0602b743befc71849a70192) Importer(815301076,1909f56bfc062723c751e8b465ee728b)  -> (artifact id: 'a2f08847c5112ed47382b4720b964b7c') in 0.005890 seconds 
========================================================================
Received Import Request.
  Time since last request: 0.000021 seconds.
  path: Assets/Platform tile pack/ArtWork/Tiles/Tileset_63.asset
  artifactKey: Guid(0fd3e894d8f9ee646923fb2a563d4691) Importer(815301076,1909f56bfc062723c751e8b465ee728b)
Start importing Assets/Platform tile pack/ArtWork/Tiles/Tileset_63.asset using Guid(0fd3e894d8f9ee646923fb2a563d4691) Importer(815301076,1909f56bfc062723c751e8b465ee728b)  -> (artifact id: '5515af4d9ab3bcb195436fbe0de46a15') in 0.005236 seconds 
========================================================================
Received Import Request.
  Time since last request: 0.000022 seconds.
  path: Assets/Platform tile pack/ArtWork/Tiles/Tileset_70.asset
  artifactKey: Guid(2fd6dbd7310e185409f73f48131ca6f4) Importer(815301076,1909f56bfc062723c751e8b465ee728b)
Start importing Assets/Platform tile pack/ArtWork/Tiles/Tileset_70.asset using Guid(2fd6dbd7310e185409f73f48131ca6f4) Importer(815301076,1909f56bfc062723c751e8b465ee728b)  -> (artifact id: 'f01d73e7c1d98778c3bb3c229328f786') in 0.004818 seconds 
========================================================================
Received Import Request.
  Time since last request: 0.000025 seconds.
  path: Assets/Platform tile pack/ArtWork/Tiles/Tileset_51.asset
  artifactKey: Guid(61ce939808202574b9a7f4f8647d836d) Importer(815301076,1909f56bfc062723c751e8b465ee728b)
Start importing Assets/Platform tile pack/ArtWork/Tiles/Tileset_51.asset using Guid(61ce939808202574b9a7f4f8647d836d) Importer(815301076,1909f56bfc062723c751e8b465ee728b)  -> (artifact id: 'b183d4f1f4cba4e003cff61ddf2d9626') in 0.004675 seconds 
========================================================================
Received Import Request.
  Time since last request: 0.000017 seconds.
  path: Assets/Platform tile pack/ArtWork/Tiles/Tileset_15.asset
  artifactKey: Guid(443768aacc0d2614aab7c6a87fe55d85) Importer(815301076,1909f56bfc062723c751e8b465ee728b)
Start importing Assets/Platform tile pack/ArtWork/Tiles/Tileset_15.asset using Guid(443768aacc0d2614aab7c6a87fe55d85) Importer(815301076,1909f56bfc062723c751e8b465ee728b)  -> (artifact id: '4a41005fb1a401ac11fab6fbaabde6ef') in 0.004908 seconds 
========================================================================
Received Import Request.
  Time since last request: 0.000013 seconds.
  path: Assets/Platform tile pack/ArtWork/Tiles/Tileset_31.asset
  artifactKey: Guid(60ab907952191444ca52c40cc4d436ad) Importer(815301076,1909f56bfc062723c751e8b465ee728b)
Start importing Assets/Platform tile pack/ArtWork/Tiles/Tileset_31.asset using Guid(60ab907952191444ca52c40cc4d436ad) Importer(815301076,1909f56bfc062723c751e8b465ee728b)  -> (artifact id: '03c5970b9b87ac68c081aab935786645') in 0.005114 seconds 
========================================================================
Received Import Request.
  Time since last request: 0.000019 seconds.
  path: Assets/Platform tile pack/ArtWork/Tiles/Tileset_7.asset
  artifactKey: Guid(ccb26a6fedaa08444891d1bcf6461d9f) Importer(815301076,1909f56bfc062723c751e8b465ee728b)
Start importing Assets/Platform tile pack/ArtWork/Tiles/Tileset_7.asset using Guid(ccb26a6fedaa08444891d1bcf6461d9f) Importer(815301076,1909f56bfc062723c751e8b465ee728b)  -> (artifact id: '2ef49efb6d48abe0da706df718fb28ae') in 0.005054 seconds 
========================================================================
Received Import Request.
  Time since last request: 0.000018 seconds.
  path: Assets/Platform tile pack/ArtWork/Tiles/Tileset_29.asset
  artifactKey: Guid(3901eba1aba965b449e097d09f015f42) Importer(815301076,1909f56bfc062723c751e8b465ee728b)
Start importing Assets/Platform tile pack/ArtWork/Tiles/Tileset_29.asset using Guid(3901eba1aba965b449e097d09f015f42) Importer(815301076,1909f56bfc062723c751e8b465ee728b)  -> (artifact id: 'a218d81bff47d4e7a16842ed37cf5819') in 0.004807 seconds 
========================================================================
Received Import Request.
  Time since last request: 0.000016 seconds.
  path: Assets/Platform tile pack/ArtWork/Tiles/Tileset_44.asset
  artifactKey: Guid(d0d89854bd5333247bf175a16ae58e0c) Importer(815301076,1909f56bfc062723c751e8b465ee728b)
Start importing Assets/Platform tile pack/ArtWork/Tiles/Tileset_44.asset using Guid(d0d89854bd5333247bf175a16ae58e0c) Importer(815301076,1909f56bfc062723c751e8b465ee728b)  -> (artifact id: '0ad51ebc59fb3e6263e3b2b58f450ca7') in 0.005445 seconds 
========================================================================
Received Import Request.
  Time since last request: 0.000015 seconds.
  path: Assets/Platform tile pack/ArtWork/Tiles/Tileset_22.asset
  artifactKey: Guid(c510882f61007004588f8d5398567543) Importer(815301076,1909f56bfc062723c751e8b465ee728b)
Start importing Assets/Platform tile pack/ArtWork/Tiles/Tileset_22.asset using Guid(c510882f61007004588f8d5398567543) Importer(815301076,1909f56bfc062723c751e8b465ee728b)  -> (artifact id: '9db030822978461841f7f3fa9cc1ee15') in 0.006350 seconds 
========================================================================
Received Import Request.
  Time since last request: 0.000017 seconds.
  path: Assets/Platform tile pack/ArtWork/Tiles/Tileset_26.asset
  artifactKey: Guid(7fa0dc51a2d3aa247867cb7c52eafcfd) Importer(815301076,1909f56bfc062723c751e8b465ee728b)
Start importing Assets/Platform tile pack/ArtWork/Tiles/Tileset_26.asset using Guid(7fa0dc51a2d3aa247867cb7c52eafcfd) Importer(815301076,1909f56bfc062723c751e8b465ee728b)  -> (artifact id: 'af8523d0d8483661be490fe469730b20') in 0.005136 seconds 
========================================================================
Received Import Request.
  Time since last request: 0.000017 seconds.
  path: Assets/Platform tile pack/ArtWork/Tiles/Tileset_21.asset
  artifactKey: Guid(59714d4ab8f02c349a336d508a58d792) Importer(815301076,1909f56bfc062723c751e8b465ee728b)
Start importing Assets/Platform tile pack/ArtWork/Tiles/Tileset_21.asset using Guid(59714d4ab8f02c349a336d508a58d792) Importer(815301076,1909f56bfc062723c751e8b465ee728b)  -> (artifact id: '173e1d40af9d757dee2647ebcda0f211') in 0.005203 seconds 
========================================================================
Received Import Request.
  Time since last request: 0.000017 seconds.
  path: Assets/Platform tile pack/ArtWork/Tiles/Tileset_47.asset
  artifactKey: Guid(fd9e44e2c9239124e98c5ddec05bcf1b) Importer(815301076,1909f56bfc062723c751e8b465ee728b)
Start importing Assets/Platform tile pack/ArtWork/Tiles/Tileset_47.asset using Guid(fd9e44e2c9239124e98c5ddec05bcf1b) Importer(815301076,1909f56bfc062723c751e8b465ee728b)  -> (artifact id: '49b4759a0533706204514fed9443b02f') in 0.005499 seconds 
========================================================================
Received Import Request.
  Time since last request: 0.000019 seconds.
  path: Assets/Platform tile pack/ArtWork/Tiles/Tileset_17.asset
  artifactKey: Guid(d97e0ad8e45ea3e4c815039fd39ab695) Importer(815301076,1909f56bfc062723c751e8b465ee728b)
Start importing Assets/Platform tile pack/ArtWork/Tiles/Tileset_17.asset using Guid(d97e0ad8e45ea3e4c815039fd39ab695) Importer(815301076,1909f56bfc062723c751e8b465ee728b)  -> (artifact id: 'd67bd27e6c93d8b9c738ff7ffad38409') in 0.005364 seconds 
========================================================================
Received Import Request.
  Time since last request: 0.000016 seconds.
  path: Assets/Platform tile pack/ArtWork/Tiles/Tileset_52.asset
  artifactKey: Guid(db31a99fa29ea8442a7fb72ff08ae78f) Importer(815301076,1909f56bfc062723c751e8b465ee728b)
Start importing Assets/Platform tile pack/ArtWork/Tiles/Tileset_52.asset using Guid(db31a99fa29ea8442a7fb72ff08ae78f) Importer(815301076,1909f56bfc062723c751e8b465ee728b)  -> (artifact id: '21a5065b826fa29580b1bf9b8871a4f7') in 0.006036 seconds 
========================================================================
Received Import Request.
  Time since last request: 4.826676 seconds.
  path: Assets/Platform tile pack/ArtWork/Tiles/Tileset_82.asset
  artifactKey: Guid(5764a91d834e0b54a8186d0ac605ba0d) Importer(815301076,1909f56bfc062723c751e8b465ee728b)
Start importing Assets/Platform tile pack/ArtWork/Tiles/Tileset_82.asset using Guid(5764a91d834e0b54a8186d0ac605ba0d) Importer(815301076,1909f56bfc062723c751e8b465ee728b)  -> (artifact id: 'fbcaa3b390d44c13437eec7f35c67381') in 0.005684 seconds 
========================================================================
Received Import Request.
  Time since last request: 0.000017 seconds.
  path: Assets/Platform tile pack/ArtWork/Tiles/Tileset_94.asset
  artifactKey: Guid(880e580cd40a51145baa83ff4afe68a7) Importer(815301076,1909f56bfc062723c751e8b465ee728b)
Start importing Assets/Platform tile pack/ArtWork/Tiles/Tileset_94.asset using Guid(880e580cd40a51145baa83ff4afe68a7) Importer(815301076,1909f56bfc062723c751e8b465ee728b)  -> (artifact id: 'c652b1cd6a8c06c460c9691b34bb40ae') in 0.006043 seconds 
========================================================================
Received Import Request.
  Time since last request: 0.000015 seconds.
  path: Assets/Platform tile pack/ArtWork/Tiles/Tileset_83.asset
  artifactKey: Guid(a26c945c8f15ff3439d9552824caefc5) Importer(815301076,1909f56bfc062723c751e8b465ee728b)
Start importing Assets/Platform tile pack/ArtWork/Tiles/Tileset_83.asset using Guid(a26c945c8f15ff3439d9552824caefc5) Importer(815301076,1909f56bfc062723c751e8b465ee728b)  -> (artifact id: '2c44b964bbc8ef855f6761c3a7077995') in 0.006179 seconds 
========================================================================
Received Import Request.
  Time since last request: 0.000019 seconds.
  path: Assets/Platform tile pack/ArtWork/Tiles/Tileset_95.asset
  artifactKey: Guid(bab1e478a29247b4484fa1849d9d8993) Importer(815301076,1909f56bfc062723c751e8b465ee728b)
Start importing Assets/Platform tile pack/ArtWork/Tiles/Tileset_95.asset using Guid(bab1e478a29247b4484fa1849d9d8993) Importer(815301076,1909f56bfc062723c751e8b465ee728b)  -> (artifact id: '415d88a0879457d5e9a0a51c6e7161c0') in 0.006595 seconds 
========================================================================
Received Import Request.
  Time since last request: 0.000016 seconds.
  path: Assets/Platform tile pack/ArtWork/Tiles/Tileset_91.asset
  artifactKey: Guid(fd7ab0919bded6a479dc5f878f3ccb67) Importer(815301076,1909f56bfc062723c751e8b465ee728b)
Start importing Assets/Platform tile pack/ArtWork/Tiles/Tileset_91.asset using Guid(fd7ab0919bded6a479dc5f878f3ccb67) Importer(815301076,1909f56bfc062723c751e8b465ee728b)  -> (artifact id: 'a0821e3cf45dbb00c86b7c5e600db097') in 0.005443 seconds 
========================================================================
Received Import Request.
  Time since last request: 0.000017 seconds.
  path: Assets/Platform tile pack/ArtWork/Tiles/Tileset_97.asset
  artifactKey: Guid(f25bbc3909877244593152bccfe5d961) Importer(815301076,1909f56bfc062723c751e8b465ee728b)
Start importing Assets/Platform tile pack/ArtWork/Tiles/Tileset_97.asset using Guid(f25bbc3909877244593152bccfe5d961) Importer(815301076,1909f56bfc062723c751e8b465ee728b)  -> (artifact id: 'b03220965ef7523ca75add290cefc50f') in 0.005991 seconds 
========================================================================
Received Import Request.
  Time since last request: 0.000021 seconds.
  path: Assets/Platform tile pack/ArtWork/Tiles/Tileset_90.asset
  artifactKey: Guid(d29a69587d9cbe74297c0d335fe64884) Importer(815301076,1909f56bfc062723c751e8b465ee728b)
Start importing Assets/Platform tile pack/ArtWork/Tiles/Tileset_90.asset using Guid(d29a69587d9cbe74297c0d335fe64884) Importer(815301076,1909f56bfc062723c751e8b465ee728b)  -> (artifact id: 'f0605febc61e44de0fb4c5f2d7e27808') in 0.005780 seconds 
========================================================================
Received Import Request.
  Time since last request: 0.000017 seconds.
  path: Assets/Platform tile pack/ArtWork/Tiles/Tileset_129.asset
  artifactKey: Guid(4f3ec3cf03117694091a02c3bb0878da) Importer(815301076,1909f56bfc062723c751e8b465ee728b)
Start importing Assets/Platform tile pack/ArtWork/Tiles/Tileset_129.asset using Guid(4f3ec3cf03117694091a02c3bb0878da) Importer(815301076,1909f56bfc062723c751e8b465ee728b)  -> (artifact id: 'd84e640bd8114a4347b7402a45b7ce6e') in 0.006393 seconds 
========================================================================
Received Import Request.
  Time since last request: 0.000030 seconds.
  path: Assets/Platform tile pack/ArtWork/Tiles/Tileset_155.asset
  artifactKey: Guid(8b9afca626d1a2746806fdc7e768c50e) Importer(815301076,1909f56bfc062723c751e8b465ee728b)
Start importing Assets/Platform tile pack/ArtWork/Tiles/Tileset_155.asset using Guid(8b9afca626d1a2746806fdc7e768c50e) Importer(815301076,1909f56bfc062723c751e8b465ee728b)  -> (artifact id: '537557e0bb9ad990adf3c228c63c3766') in 0.006189 seconds 
========================================================================
Received Import Request.
  Time since last request: 0.000014 seconds.
  path: Assets/Platform tile pack/ArtWork/Tiles/Tileset_154.asset
  artifactKey: Guid(e6c220dd68119ba478f0174324d5d5c1) Importer(815301076,1909f56bfc062723c751e8b465ee728b)
Start importing Assets/Platform tile pack/ArtWork/Tiles/Tileset_154.asset using Guid(e6c220dd68119ba478f0174324d5d5c1) Importer(815301076,1909f56bfc062723c751e8b465ee728b)  -> (artifact id: 'dd2e2c414e5a3f0d93358c1be699baa1') in 0.006117 seconds 
========================================================================
Received Import Request.
  Time since last request: 0.000039 seconds.
  path: Assets/Platform tile pack/ArtWork/Tiles/Tileset_108.asset
  artifactKey: Guid(8be633efd8be7654ca822efac8095450) Importer(815301076,1909f56bfc062723c751e8b465ee728b)
Start importing Assets/Platform tile pack/ArtWork/Tiles/Tileset_108.asset using Guid(8be633efd8be7654ca822efac8095450) Importer(815301076,1909f56bfc062723c751e8b465ee728b)  -> (artifact id: '9fe477cd3979afab8c298608a248fdf7') in 0.005709 seconds 
========================================================================
Received Import Request.
  Time since last request: 0.000014 seconds.
  path: Assets/Platform tile pack/ArtWork/Tiles/Tileset_136.asset
  artifactKey: Guid(ceda6f0d65997e44798b592a507e481e) Importer(815301076,1909f56bfc062723c751e8b465ee728b)
Start importing Assets/Platform tile pack/ArtWork/Tiles/Tileset_136.asset using Guid(ceda6f0d65997e44798b592a507e481e) Importer(815301076,1909f56bfc062723c751e8b465ee728b)  -> (artifact id: 'a59faf4bca1c312b235093cebf2a7b52') in 0.005808 seconds 
========================================================================
Received Import Request.
  Time since last request: 0.000016 seconds.
  path: Assets/Platform tile pack/ArtWork/Tiles/Tileset_161.asset
  artifactKey: Guid(5a6679a7fbf46684fb69efb23e78b382) Importer(815301076,1909f56bfc062723c751e8b465ee728b)
Start importing Assets/Platform tile pack/ArtWork/Tiles/Tileset_161.asset using Guid(5a6679a7fbf46684fb69efb23e78b382) Importer(815301076,1909f56bfc062723c751e8b465ee728b)  -> (artifact id: 'edfd1cf485222ff81e5ecd2b9bc8031c') in 0.006220 seconds 
========================================================================
Received Import Request.
  Time since last request: 0.000017 seconds.
  path: Assets/Platform tile pack/ArtWork/Tiles/Tileset_145.asset
  artifactKey: Guid(187207425f975c14fae84dbe4d66d748) Importer(815301076,1909f56bfc062723c751e8b465ee728b)
Start importing Assets/Platform tile pack/ArtWork/Tiles/Tileset_145.asset using Guid(187207425f975c14fae84dbe4d66d748) Importer(815301076,1909f56bfc062723c751e8b465ee728b)  -> (artifact id: '70375fabd0ffa483d9e087fde5eb7356') in 0.005862 seconds 
========================================================================
Received Import Request.
  Time since last request: 0.000016 seconds.
  path: Assets/Platform tile pack/ArtWork/Tiles/Tileset_160.asset
  artifactKey: Guid(7a99cbe9c355d6c45a3b817776ed8da9) Importer(815301076,1909f56bfc062723c751e8b465ee728b)
Start importing Assets/Platform tile pack/ArtWork/Tiles/Tileset_160.asset using Guid(7a99cbe9c355d6c45a3b817776ed8da9) Importer(815301076,1909f56bfc062723c751e8b465ee728b)  -> (artifact id: '7e02658362d3dc58b98162a76b3f594c') in 0.006021 seconds 
========================================================================
Received Import Request.
  Time since last request: 0.000018 seconds.
  path: Assets/Platform tile pack/ArtWork/Tiles/Tileset_140.asset
  artifactKey: Guid(9dc305cfd5cb9214d8b9d3bef5062b61) Importer(815301076,1909f56bfc062723c751e8b465ee728b)
Start importing Assets/Platform tile pack/ArtWork/Tiles/Tileset_140.asset using Guid(9dc305cfd5cb9214d8b9d3bef5062b61) Importer(815301076,1909f56bfc062723c751e8b465ee728b)  -> (artifact id: '1fe9da55a37450e86740c34331a6ec86') in 0.006179 seconds 
========================================================================
Received Import Request.
  Time since last request: 0.000016 seconds.
  path: Assets/Platform tile pack/ArtWork/Tiles/Tileset_118.asset
  artifactKey: Guid(c442eac33186468499fd9976aa039207) Importer(815301076,1909f56bfc062723c751e8b465ee728b)
Start importing Assets/Platform tile pack/ArtWork/Tiles/Tileset_118.asset using Guid(c442eac33186468499fd9976aa039207) Importer(815301076,1909f56bfc062723c751e8b465ee728b)  -> (artifact id: 'fa0e59b9f398dea9eefa50e565e658e5') in 0.006117 seconds 
========================================================================
Received Import Request.
  Time since last request: 0.000016 seconds.
  path: Assets/Platform tile pack/ArtWork/Tiles/Tileset_133.asset
  artifactKey: Guid(558c615ad5373644a8dae77ac1505db0) Importer(815301076,1909f56bfc062723c751e8b465ee728b)
Start importing Assets/Platform tile pack/ArtWork/Tiles/Tileset_133.asset using Guid(558c615ad5373644a8dae77ac1505db0) Importer(815301076,1909f56bfc062723c751e8b465ee728b)  -> (artifact id: '89cfd786665574c395f4de954cb039cb') in 0.006021 seconds 
========================================================================
Received Import Request.
  Time since last request: 0.000024 seconds.
  path: Assets/Platform tile pack/ArtWork/Tiles/Tileset_125.asset
  artifactKey: Guid(44cbbe85ed333ea4584e3f97d8aa919c) Importer(815301076,1909f56bfc062723c751e8b465ee728b)
Start importing Assets/Platform tile pack/ArtWork/Tiles/Tileset_125.asset using Guid(44cbbe85ed333ea4584e3f97d8aa919c) Importer(815301076,1909f56bfc062723c751e8b465ee728b)  -> (artifact id: 'aa739d4598984985736f4f74ef87603e') in 0.005474 seconds 
========================================================================
Received Import Request.
  Time since last request: 0.000017 seconds.
  path: Assets/Platform tile pack/ArtWork/Tiles/Tileset_151.asset
  artifactKey: Guid(8b8307248da6fdd479bb715d511b8315) Importer(815301076,1909f56bfc062723c751e8b465ee728b)
Start importing Assets/Platform tile pack/ArtWork/Tiles/Tileset_151.asset using Guid(8b8307248da6fdd479bb715d511b8315) Importer(815301076,1909f56bfc062723c751e8b465ee728b)  -> (artifact id: '25e84199fb668fb479aaf8327a63c0ef') in 0.006255 seconds 
========================================================================
Received Import Request.
  Time since last request: 0.000017 seconds.
  path: Assets/Platform tile pack/ArtWork/Tiles/Tileset_148.asset
  artifactKey: Guid(221c7159bf2493843a61b93ce0f0b380) Importer(815301076,1909f56bfc062723c751e8b465ee728b)
Start importing Assets/Platform tile pack/ArtWork/Tiles/Tileset_148.asset using Guid(221c7159bf2493843a61b93ce0f0b380) Importer(815301076,1909f56bfc062723c751e8b465ee728b)  -> (artifact id: '4bb0fb66fcfdcc47a4e95af416c23d12') in 0.007093 seconds 
========================================================================
Received Import Request.
  Time since last request: 0.000013 seconds.
  path: Assets/Platform tile pack/ArtWork/Tiles/Tileset_121.asset
  artifactKey: Guid(a81a9133b62b5fa4cb44301a760870cd) Importer(815301076,1909f56bfc062723c751e8b465ee728b)
Start importing Assets/Platform tile pack/ArtWork/Tiles/Tileset_121.asset using Guid(a81a9133b62b5fa4cb44301a760870cd) Importer(815301076,1909f56bfc062723c751e8b465ee728b)  -> (artifact id: '6400f9910af192b66b9c30279e0af7f0') in 0.005646 seconds 
========================================================================
Received Import Request.
  Time since last request: 0.000021 seconds.
  path: Assets/Platform tile pack/ArtWork/Tiles/Tileset_107.asset
  artifactKey: Guid(1bd87f225e518ca458fc312cc8a430e9) Importer(815301076,1909f56bfc062723c751e8b465ee728b)
Start importing Assets/Platform tile pack/ArtWork/Tiles/Tileset_107.asset using Guid(1bd87f225e518ca458fc312cc8a430e9) Importer(815301076,1909f56bfc062723c751e8b465ee728b)  -> (artifact id: '7744dc9a567d1fd2514f3aaf66e02bdb') in 0.006593 seconds 
========================================================================
Received Import Request.
  Time since last request: 0.000015 seconds.
  path: Assets/Platform tile pack/ArtWork/Tiles/Tileset_89.asset
  artifactKey: Guid(a428ee4402c3fc841ae3e66f762c0b6e) Importer(815301076,1909f56bfc062723c751e8b465ee728b)
Start importing Assets/Platform tile pack/ArtWork/Tiles/Tileset_89.asset using Guid(a428ee4402c3fc841ae3e66f762c0b6e) Importer(815301076,1909f56bfc062723c751e8b465ee728b)  -> (artifact id: '63cd31134ffb9780e324d257e0ac3d35') in 0.006065 seconds 
========================================================================
Received Import Request.
  Time since last request: 0.000017 seconds.
  path: Assets/Platform tile pack/ArtWork/Tiles/Tileset_112.asset
  artifactKey: Guid(5977ea0573cc6b544be8f0a89d5af90a) Importer(815301076,1909f56bfc062723c751e8b465ee728b)
Start importing Assets/Platform tile pack/ArtWork/Tiles/Tileset_112.asset using Guid(5977ea0573cc6b544be8f0a89d5af90a) Importer(815301076,1909f56bfc062723c751e8b465ee728b)  -> (artifact id: '6953c035b458b5815d540c776e499c2f') in 0.005791 seconds 
========================================================================
Received Import Request.
  Time since last request: 0.000015 seconds.
  path: Assets/Platform tile pack/ArtWork/Tiles/Tileset_86.asset
  artifactKey: Guid(673861d1c8308bb4080768e830654dfa) Importer(815301076,1909f56bfc062723c751e8b465ee728b)
Start importing Assets/Platform tile pack/ArtWork/Tiles/Tileset_86.asset using Guid(673861d1c8308bb4080768e830654dfa) Importer(815301076,1909f56bfc062723c751e8b465ee728b)  -> (artifact id: '7c61042c1382feb8df59c2ce71a77223') in 0.005687 seconds 
========================================================================
Received Import Request.
  Time since last request: 0.000019 seconds.
  path: Assets/Platform tile pack/ArtWork/Tiles/Tileset_109.asset
  artifactKey: Guid(63705a932dcdd2647b740209ec8624b8) Importer(815301076,1909f56bfc062723c751e8b465ee728b)
Start importing Assets/Platform tile pack/ArtWork/Tiles/Tileset_109.asset using Guid(63705a932dcdd2647b740209ec8624b8) Importer(815301076,1909f56bfc062723c751e8b465ee728b)  -> (artifact id: '75ae5ab7b24d0267aef858dd6cfd2bd1') in 0.005758 seconds 
========================================================================
Received Import Request.
  Time since last request: 0.000021 seconds.
  path: Assets/Platform tile pack/ArtWork/Tiles/Tileset_117.asset
  artifactKey: Guid(31e3443f0fbd48d40926276101e64cc3) Importer(815301076,1909f56bfc062723c751e8b465ee728b)
Start importing Assets/Platform tile pack/ArtWork/Tiles/Tileset_117.asset using Guid(31e3443f0fbd48d40926276101e64cc3) Importer(815301076,1909f56bfc062723c751e8b465ee728b)  -> (artifact id: '70e0bb133890403235716f81d2e61ee8') in 0.005380 seconds 
========================================================================
Received Import Request.
  Time since last request: 0.000017 seconds.
  path: Assets/Platform tile pack/ArtWork/Tiles/Tileset_146.asset
  artifactKey: Guid(a02cf2cfb049607429b77311f50061be) Importer(815301076,1909f56bfc062723c751e8b465ee728b)
Start importing Assets/Platform tile pack/ArtWork/Tiles/Tileset_146.asset using Guid(a02cf2cfb049607429b77311f50061be) Importer(815301076,1909f56bfc062723c751e8b465ee728b)  -> (artifact id: '62e50ef37a148aefb6a39fdbb84146b2') in 0.005495 seconds 
========================================================================
Received Import Request.
  Time since last request: 0.000017 seconds.
  path: Assets/Platform tile pack/ArtWork/Tiles/Tileset_164.asset
  artifactKey: Guid(1df1d9584e828344b8f406e23c57c8fb) Importer(815301076,1909f56bfc062723c751e8b465ee728b)
Start importing Assets/Platform tile pack/ArtWork/Tiles/Tileset_164.asset using Guid(1df1d9584e828344b8f406e23c57c8fb) Importer(815301076,1909f56bfc062723c751e8b465ee728b)  -> (artifact id: 'cf0f4dbf14e417364f05b164663cb4c9') in 0.006199 seconds 
========================================================================
Received Import Request.
  Time since last request: 0.000019 seconds.
  path: Assets/Platform tile pack/ArtWork/Tiles/Tileset_147.asset
  artifactKey: Guid(c7fbfbfa14096734885032d5af772847) Importer(815301076,1909f56bfc062723c751e8b465ee728b)
Start importing Assets/Platform tile pack/ArtWork/Tiles/Tileset_147.asset using Guid(c7fbfbfa14096734885032d5af772847) Importer(815301076,1909f56bfc062723c751e8b465ee728b)  -> (artifact id: '5b801dcbe2e4bbd3d7d55e881d682de1') in 0.004960 seconds 
========================================================================
Received Prepare
Registering precompiled user dll's ...
Registered in 0.007458 seconds.
Begin MonoManager ReloadAssembly
Symbol file LoadedFromMemory doesn't match image D:\Documents\Unity Projects\Simple 2D Platformer\Library\PackageCache\com.unity.visualscripting@1.7.6\Editor\VisualScripting.Core\Dependencies\YamlDotNet\Unity.VisualScripting.YamlDotNet.dll
Symbol file LoadedFromMemory doesn't match image D:\Documents\Unity Projects\Simple 2D Platformer\Library\PackageCache\com.unity.visualscripting@1.7.6\Editor\VisualScripting.Core\Dependencies\DotNetZip\Unity.VisualScripting.IonicZip.dll
Native extension for WindowsStandalone target not found
Refreshing native plugins compatible for Editor in 0.62 ms, found 4 plugins.
Preloading 0 native plugins for Editor in 0.00 ms.
Mono: successfully reloaded assembly
- Completed reload, in  1.051 seconds
Domain Reload Profiling:
	ReloadAssembly (1052ms)
		BeginReloadAssembly (133ms)
			ExecutionOrderSort (0ms)
			DisableScriptedObjects (8ms)
			BackupInstance (0ms)
			ReleaseScriptingObjects (0ms)
			CreateAndSetChildDomain (35ms)
		EndReloadAssembly (812ms)
			LoadAssemblies (84ms)
			RebuildTransferFunctionScriptingTraits (0ms)
			SetupTypeCache (213ms)
			ReleaseScriptCaches (1ms)
			RebuildScriptCaches (40ms)
			SetupLoadedEditorAssemblies (431ms)
				LogAssemblyErrors (0ms)
				InitializePlatformSupportModulesInManaged (13ms)
				SetLoadedEditorAssemblies (0ms)
				RefreshPlugins (1ms)
				BeforeProcessingInitializeOnLoad (92ms)
				ProcessInitializeOnLoadAttributes (282ms)
				ProcessInitializeOnLoadMethodAttributes (27ms)
				AfterProcessingInitializeOnLoad (15ms)
				EditorAssembliesLoaded (0ms)
			ExecutionOrderSort2 (0ms)
			AwakeInstancesAfterBackupRestoration (11ms)
Platform modules already initialized, skipping
Refreshing native plugins compatible for Editor in 0.63 ms, found 4 plugins.
Preloading 0 native plugins for Editor in 0.00 ms.
Unloading 3911 Unused Serialized files (Serialized files now loaded: 0)
Unloading 37 unused Assets / (192.4 KB). Loaded Objects now: 4367.
Memory consumption went from 147.5 MB to 147.3 MB.
Total: 3.401000 ms (FindLiveObjects: 0.311900 ms CreateObjectMapping: 0.114800 ms MarkObjects: 2.834300 ms  DeleteObjects: 0.138800 ms)

AssetImportParameters requested are different than current active one (requested -> active):
  custom:video-decoder-ogg-theora: a1e56fd34408186e4bbccfd4996cb3dc -> 
  custom:container-muxer-webm: aa71ff27fc2769a1b78a27578f13a17b -> 
  custom:container-demuxer-webm: 4f35f7cbe854078d1ac9338744f61a02 -> 
  custom:video-encoder-webm-vp8: eb34c28f22e8b96e1ab97ce403110664 -> 
  custom:audio-encoder-webm-vorbis: bf7c407c2cedff20999df2af8eb42d56 -> 
  custom:framework-win-MediaFoundation: 216162199b28c13a410421893ffa2e32 -> 
  custom:container-demuxer-ogg: 62fdf1f143b41e24485cea50d1cbac27 -> 
  custom:video-decoder-webm-vp8: 9c59270c3fd7afecdb556c50c9e8de78 -> 
  custom:audio-decoder-ogg-vorbis: bf7c407c2cedff20999df2af8eb42d56 -> 
========================================================================
Received Prepare
Registering precompiled user dll's ...
Registered in 0.009213 seconds.
Begin MonoManager ReloadAssembly
Symbol file LoadedFromMemory doesn't match image D:\Documents\Unity Projects\Simple 2D Platformer\Library\PackageCache\com.unity.visualscripting@1.7.6\Editor\VisualScripting.Core\Dependencies\YamlDotNet\Unity.VisualScripting.YamlDotNet.dll
Symbol file LoadedFromMemory doesn't match image D:\Documents\Unity Projects\Simple 2D Platformer\Library\PackageCache\com.unity.visualscripting@1.7.6\Editor\VisualScripting.Core\Dependencies\DotNetZip\Unity.VisualScripting.IonicZip.dll
Native extension for WindowsStandalone target not found
Refreshing native plugins compatible for Editor in 1.12 ms, found 4 plugins.
Preloading 0 native plugins for Editor in 0.00 ms.
Mono: successfully reloaded assembly
- Completed reload, in  1.233 seconds
Domain Reload Profiling:
	ReloadAssembly (1234ms)
		BeginReloadAssembly (138ms)
			ExecutionOrderSort (0ms)
			DisableScriptedObjects (7ms)
			BackupInstance (0ms)
			ReleaseScriptingObjects (0ms)
			CreateAndSetChildDomain (37ms)
		EndReloadAssembly (991ms)
			LoadAssemblies (92ms)
			RebuildTransferFunctionScriptingTraits (0ms)
			SetupTypeCache (273ms)
			ReleaseScriptCaches (2ms)
			RebuildScriptCaches (51ms)
			SetupLoadedEditorAssemblies (512ms)
				LogAssemblyErrors (0ms)
				InitializePlatformSupportModulesInManaged (17ms)
				SetLoadedEditorAssemblies (1ms)
				RefreshPlugins (1ms)
				BeforeProcessingInitializeOnLoad (114ms)
				ProcessInitializeOnLoadAttributes (328ms)
				ProcessInitializeOnLoadMethodAttributes (35ms)
				AfterProcessingInitializeOnLoad (17ms)
				EditorAssembliesLoaded (0ms)
			ExecutionOrderSort2 (0ms)
			AwakeInstancesAfterBackupRestoration (12ms)
Platform modules already initialized, skipping
Refreshing native plugins compatible for Editor in 1.02 ms, found 4 plugins.
Preloading 0 native plugins for Editor in 0.00 ms.
Unloading 3911 Unused Serialized files (Serialized files now loaded: 0)
Unloading 32 unused Assets / (193.2 KB). Loaded Objects now: 4369.
Memory consumption went from 147.5 MB to 147.3 MB.
Total: 3.624900 ms (FindLiveObjects: 0.351200 ms CreateObjectMapping: 0.115800 ms MarkObjects: 3.026300 ms  DeleteObjects: 0.130600 ms)

AssetImportParameters requested are different than current active one (requested -> active):
  custom:video-decoder-ogg-theora: a1e56fd34408186e4bbccfd4996cb3dc -> 
  custom:container-muxer-webm: aa71ff27fc2769a1b78a27578f13a17b -> 
  custom:container-demuxer-webm: 4f35f7cbe854078d1ac9338744f61a02 -> 
  custom:video-encoder-webm-vp8: eb34c28f22e8b96e1ab97ce403110664 -> 
  custom:audio-encoder-webm-vorbis: bf7c407c2cedff20999df2af8eb42d56 -> 
  custom:framework-win-MediaFoundation: 216162199b28c13a410421893ffa2e32 -> 
  custom:container-demuxer-ogg: 62fdf1f143b41e24485cea50d1cbac27 -> 
  custom:video-decoder-webm-vp8: 9c59270c3fd7afecdb556c50c9e8de78 -> 
  custom:audio-decoder-ogg-vorbis: bf7c407c2cedff20999df2af8eb42d56 -> 
========================================================================
Received Prepare
Registering precompiled user dll's ...
Registered in 0.008133 seconds.
Begin MonoManager ReloadAssembly
Symbol file LoadedFromMemory doesn't match image D:\Documents\Unity Projects\Simple 2D Platformer\Library\PackageCache\com.unity.visualscripting@1.7.6\Editor\VisualScripting.Core\Dependencies\YamlDotNet\Unity.VisualScripting.YamlDotNet.dll
Symbol file LoadedFromMemory doesn't match image D:\Documents\Unity Projects\Simple 2D Platformer\Library\PackageCache\com.unity.visualscripting@1.7.6\Editor\VisualScripting.Core\Dependencies\DotNetZip\Unity.VisualScripting.IonicZip.dll
Native extension for WindowsStandalone target not found
Refreshing native plugins compatible for Editor in 1.26 ms, found 4 plugins.
Preloading 0 native plugins for Editor in 0.00 ms.
Mono: successfully reloaded assembly
- Completed reload, in  1.221 seconds
Domain Reload Profiling:
	ReloadAssembly (1222ms)
		BeginReloadAssembly (133ms)
			ExecutionOrderSort (0ms)
			DisableScriptedObjects (8ms)
			BackupInstance (0ms)
			ReleaseScriptingObjects (0ms)
			CreateAndSetChildDomain (35ms)
		EndReloadAssembly (961ms)
			LoadAssemblies (89ms)
			RebuildTransferFunctionScriptingTraits (0ms)
			SetupTypeCache (266ms)
			ReleaseScriptCaches (1ms)
			RebuildScriptCaches (47ms)
			SetupLoadedEditorAssemblies (508ms)
				LogAssemblyErrors (0ms)
				InitializePlatformSupportModulesInManaged (16ms)
				SetLoadedEditorAssemblies (1ms)
				RefreshPlugins (1ms)
				BeforeProcessingInitializeOnLoad (104ms)
				ProcessInitializeOnLoadAttributes (332ms)
				ProcessInitializeOnLoadMethodAttributes (36ms)
				AfterProcessingInitializeOnLoad (17ms)
				EditorAssembliesLoaded (0ms)
			ExecutionOrderSort2 (0ms)
			AwakeInstancesAfterBackupRestoration (12ms)
Platform modules already initialized, skipping
Refreshing native plugins compatible for Editor in 0.98 ms, found 4 plugins.
Preloading 0 native plugins for Editor in 0.00 ms.
Unloading 3911 Unused Serialized files (Serialized files now loaded: 0)
Unloading 32 unused Assets / (192.5 KB). Loaded Objects now: 4371.
Memory consumption went from 147.5 MB to 147.3 MB.
Total: 4.412800 ms (FindLiveObjects: 0.563300 ms CreateObjectMapping: 0.348900 ms MarkObjects: 3.321500 ms  DeleteObjects: 0.177900 ms)

AssetImportParameters requested are different than current active one (requested -> active):
  custom:video-decoder-ogg-theora: a1e56fd34408186e4bbccfd4996cb3dc -> 
  custom:container-muxer-webm: aa71ff27fc2769a1b78a27578f13a17b -> 
  custom:container-demuxer-webm: 4f35f7cbe854078d1ac9338744f61a02 -> 
  custom:video-encoder-webm-vp8: eb34c28f22e8b96e1ab97ce403110664 -> 
  custom:audio-encoder-webm-vorbis: bf7c407c2cedff20999df2af8eb42d56 -> 
  custom:framework-win-MediaFoundation: 216162199b28c13a410421893ffa2e32 -> 
  custom:container-demuxer-ogg: 62fdf1f143b41e24485cea50d1cbac27 -> 
  custom:video-decoder-webm-vp8: 9c59270c3fd7afecdb556c50c9e8de78 -> 
  custom:audio-decoder-ogg-vorbis: bf7c407c2cedff20999df2af8eb42d56 -> 
========================================================================
Received Prepare
Registering precompiled user dll's ...
Registered in 0.007267 seconds.
Begin MonoManager ReloadAssembly
Symbol file LoadedFromMemory doesn't match image D:\Documents\Unity Projects\Simple 2D Platformer\Library\PackageCache\com.unity.visualscripting@1.7.6\Editor\VisualScripting.Core\Dependencies\YamlDotNet\Unity.VisualScripting.YamlDotNet.dll
Symbol file LoadedFromMemory doesn't match image D:\Documents\Unity Projects\Simple 2D Platformer\Library\PackageCache\com.unity.visualscripting@1.7.6\Editor\VisualScripting.Core\Dependencies\DotNetZip\Unity.VisualScripting.IonicZip.dll
Native extension for WindowsStandalone target not found
Refreshing native plugins compatible for Editor in 0.73 ms, found 4 plugins.
Preloading 0 native plugins for Editor in 0.00 ms.
Mono: successfully reloaded assembly
- Completed reload, in  1.228 seconds
Domain Reload Profiling:
	ReloadAssembly (1229ms)
		BeginReloadAssembly (139ms)
			ExecutionOrderSort (0ms)
			DisableScriptedObjects (7ms)
			BackupInstance (0ms)
			ReleaseScriptingObjects (0ms)
			CreateAndSetChildDomain (34ms)
		EndReloadAssembly (980ms)
			LoadAssemblies (96ms)
			RebuildTransferFunctionScriptingTraits (0ms)
			SetupTypeCache (263ms)
			ReleaseScriptCaches (2ms)
			RebuildScriptCaches (52ms)
			SetupLoadedEditorAssemblies (509ms)
				LogAssemblyErrors (0ms)
				InitializePlatformSupportModulesInManaged (17ms)
				SetLoadedEditorAssemblies (0ms)
				RefreshPlugins (1ms)
				BeforeProcessingInitializeOnLoad (106ms)
				ProcessInitializeOnLoadAttributes (333ms)
				ProcessInitializeOnLoadMethodAttributes (34ms)
				AfterProcessingInitializeOnLoad (18ms)
				EditorAssembliesLoaded (0ms)
			ExecutionOrderSort2 (0ms)
			AwakeInstancesAfterBackupRestoration (11ms)
Platform modules already initialized, skipping
Refreshing native plugins compatible for Editor in 1.16 ms, found 4 plugins.
Preloading 0 native plugins for Editor in 0.00 ms.
Unloading 3911 Unused Serialized files (Serialized files now loaded: 0)
Unloading 32 unused Assets / (192.3 KB). Loaded Objects now: 4373.
Memory consumption went from 147.5 MB to 147.3 MB.
Total: 4.023900 ms (FindLiveObjects: 0.381900 ms CreateObjectMapping: 0.117100 ms MarkObjects: 3.385300 ms  DeleteObjects: 0.138500 ms)

AssetImportParameters requested are different than current active one (requested -> active):
  custom:video-decoder-ogg-theora: a1e56fd34408186e4bbccfd4996cb3dc -> 
  custom:container-muxer-webm: aa71ff27fc2769a1b78a27578f13a17b -> 
  custom:container-demuxer-webm: 4f35f7cbe854078d1ac9338744f61a02 -> 
  custom:video-encoder-webm-vp8: eb34c28f22e8b96e1ab97ce403110664 -> 
  custom:audio-encoder-webm-vorbis: bf7c407c2cedff20999df2af8eb42d56 -> 
  custom:framework-win-MediaFoundation: 216162199b28c13a410421893ffa2e32 -> 
  custom:container-demuxer-ogg: 62fdf1f143b41e24485cea50d1cbac27 -> 
  custom:video-decoder-webm-vp8: 9c59270c3fd7afecdb556c50c9e8de78 -> 
  custom:audio-decoder-ogg-vorbis: bf7c407c2cedff20999df2af8eb42d56 -> 
========================================================================
Received Prepare
Registering precompiled user dll's ...
Registered in 0.008031 seconds.
Begin MonoManager ReloadAssembly
Symbol file LoadedFromMemory doesn't match image D:\Documents\Unity Projects\Simple 2D Platformer\Library\PackageCache\com.unity.visualscripting@1.7.6\Editor\VisualScripting.Core\Dependencies\YamlDotNet\Unity.VisualScripting.YamlDotNet.dll
Symbol file LoadedFromMemory doesn't match image D:\Documents\Unity Projects\Simple 2D Platformer\Library\PackageCache\com.unity.visualscripting@1.7.6\Editor\VisualScripting.Core\Dependencies\DotNetZip\Unity.VisualScripting.IonicZip.dll
Native extension for WindowsStandalone target not found
Refreshing native plugins compatible for Editor in 0.80 ms, found 4 plugins.
Preloading 0 native plugins for Editor in 0.00 ms.
Mono: successfully reloaded assembly
- Completed reload, in  1.230 seconds
Domain Reload Profiling:
	ReloadAssembly (1231ms)
		BeginReloadAssembly (139ms)
			ExecutionOrderSort (0ms)
			DisableScriptedObjects (9ms)
			BackupInstance (0ms)
			ReleaseScriptingObjects (0ms)
			CreateAndSetChildDomain (34ms)
		EndReloadAssembly (972ms)
			LoadAssemblies (95ms)
			RebuildTransferFunctionScriptingTraits (0ms)
			SetupTypeCache (248ms)
			ReleaseScriptCaches (2ms)
			RebuildScriptCaches (47ms)
			SetupLoadedEditorAssemblies (529ms)
				LogAssemblyErrors (0ms)
				InitializePlatformSupportModulesInManaged (15ms)
				SetLoadedEditorAssemblies (0ms)
				RefreshPlugins (1ms)
				BeforeProcessingInitializeOnLoad (97ms)
				ProcessInitializeOnLoadAttributes (341ms)
				ProcessInitializeOnLoadMethodAttributes (58ms)
				AfterProcessingInitializeOnLoad (17ms)
				EditorAssembliesLoaded (0ms)
			ExecutionOrderSort2 (0ms)
			AwakeInstancesAfterBackupRestoration (12ms)
Platform modules already initialized, skipping
Refreshing native plugins compatible for Editor in 0.85 ms, found 4 plugins.
Preloading 0 native plugins for Editor in 0.00 ms.
Unloading 3911 Unused Serialized files (Serialized files now loaded: 0)
Unloading 32 unused Assets / (192.4 KB). Loaded Objects now: 4375.
Memory consumption went from 147.5 MB to 147.3 MB.
Total: 3.409200 ms (FindLiveObjects: 0.322700 ms CreateObjectMapping: 0.114000 ms MarkObjects: 2.831500 ms  DeleteObjects: 0.140300 ms)

AssetImportParameters requested are different than current active one (requested -> active):
  custom:video-decoder-ogg-theora: a1e56fd34408186e4bbccfd4996cb3dc -> 
  custom:container-muxer-webm: aa71ff27fc2769a1b78a27578f13a17b -> 
  custom:container-demuxer-webm: 4f35f7cbe854078d1ac9338744f61a02 -> 
  custom:video-encoder-webm-vp8: eb34c28f22e8b96e1ab97ce403110664 -> 
  custom:audio-encoder-webm-vorbis: bf7c407c2cedff20999df2af8eb42d56 -> 
  custom:framework-win-MediaFoundation: 216162199b28c13a410421893ffa2e32 -> 
  custom:container-demuxer-ogg: 62fdf1f143b41e24485cea50d1cbac27 -> 
  custom:video-decoder-webm-vp8: 9c59270c3fd7afecdb556c50c9e8de78 -> 
  custom:audio-decoder-ogg-vorbis: bf7c407c2cedff20999df2af8eb42d56 -> 
========================================================================
Received Prepare
Registering precompiled user dll's ...
Registered in 0.008052 seconds.
Begin MonoManager ReloadAssembly
Symbol file LoadedFromMemory doesn't match image D:\Documents\Unity Projects\Simple 2D Platformer\Library\PackageCache\com.unity.visualscripting@1.7.6\Editor\VisualScripting.Core\Dependencies\YamlDotNet\Unity.VisualScripting.YamlDotNet.dll
Symbol file LoadedFromMemory doesn't match image D:\Documents\Unity Projects\Simple 2D Platformer\Library\PackageCache\com.unity.visualscripting@1.7.6\Editor\VisualScripting.Core\Dependencies\DotNetZip\Unity.VisualScripting.IonicZip.dll
Native extension for WindowsStandalone target not found
Refreshing native plugins compatible for Editor in 0.89 ms, found 4 plugins.
Preloading 0 native plugins for Editor in 0.00 ms.
Mono: successfully reloaded assembly
- Completed reload, in  1.204 seconds
Domain Reload Profiling:
	ReloadAssembly (1204ms)
		BeginReloadAssembly (136ms)
			ExecutionOrderSort (0ms)
			DisableScriptedObjects (6ms)
			BackupInstance (0ms)
			ReleaseScriptingObjects (0ms)
			CreateAndSetChildDomain (33ms)
		EndReloadAssembly (950ms)
			LoadAssemblies (93ms)
			RebuildTransferFunctionScriptingTraits (0ms)
			SetupTypeCache (258ms)
			ReleaseScriptCaches (1ms)
			RebuildScriptCaches (48ms)
			SetupLoadedEditorAssemblies (502ms)
				LogAssemblyErrors (0ms)
				InitializePlatformSupportModulesInManaged (17ms)
				SetLoadedEditorAssemblies (0ms)
				RefreshPlugins (1ms)
				BeforeProcessingInitializeOnLoad (104ms)
				ProcessInitializeOnLoadAttributes (336ms)
				ProcessInitializeOnLoadMethodAttributes (30ms)
				AfterProcessingInitializeOnLoad (13ms)
				EditorAssembliesLoaded (0ms)
			ExecutionOrderSort2 (0ms)
			AwakeInstancesAfterBackupRestoration (12ms)
Platform modules already initialized, skipping
Refreshing native plugins compatible for Editor in 1.24 ms, found 4 plugins.
Preloading 0 native plugins for Editor in 0.00 ms.
Unloading 3911 Unused Serialized files (Serialized files now loaded: 0)
Unloading 32 unused Assets / (192.4 KB). Loaded Objects now: 4377.
Memory consumption went from 147.5 MB to 147.3 MB.
Total: 3.438800 ms (FindLiveObjects: 0.328100 ms CreateObjectMapping: 0.117000 ms MarkObjects: 2.863700 ms  DeleteObjects: 0.129300 ms)

AssetImportParameters requested are different than current active one (requested -> active):
  custom:video-decoder-ogg-theora: a1e56fd34408186e4bbccfd4996cb3dc -> 
  custom:container-muxer-webm: aa71ff27fc2769a1b78a27578f13a17b -> 
  custom:container-demuxer-webm: 4f35f7cbe854078d1ac9338744f61a02 -> 
  custom:video-encoder-webm-vp8: eb34c28f22e8b96e1ab97ce403110664 -> 
  custom:audio-encoder-webm-vorbis: bf7c407c2cedff20999df2af8eb42d56 -> 
  custom:framework-win-MediaFoundation: 216162199b28c13a410421893ffa2e32 -> 
  custom:container-demuxer-ogg: 62fdf1f143b41e24485cea50d1cbac27 -> 
  custom:video-decoder-webm-vp8: 9c59270c3fd7afecdb556c50c9e8de78 -> 
  custom:audio-decoder-ogg-vorbis: bf7c407c2cedff20999df2af8eb42d56 -> 
========================================================================
Received Prepare
Registering precompiled user dll's ...
Registered in 0.007928 seconds.
Begin MonoManager ReloadAssembly
Symbol file LoadedFromMemory doesn't match image D:\Documents\Unity Projects\Simple 2D Platformer\Library\PackageCache\com.unity.visualscripting@1.7.6\Editor\VisualScripting.Core\Dependencies\YamlDotNet\Unity.VisualScripting.YamlDotNet.dll
Symbol file LoadedFromMemory doesn't match image D:\Documents\Unity Projects\Simple 2D Platformer\Library\PackageCache\com.unity.visualscripting@1.7.6\Editor\VisualScripting.Core\Dependencies\DotNetZip\Unity.VisualScripting.IonicZip.dll
Native extension for WindowsStandalone target not found
Refreshing native plugins compatible for Editor in 1.21 ms, found 4 plugins.
Preloading 0 native plugins for Editor in 0.00 ms.
Mono: successfully reloaded assembly
- Completed reload, in  1.230 seconds
Domain Reload Profiling:
	ReloadAssembly (1231ms)
		BeginReloadAssembly (132ms)
			ExecutionOrderSort (0ms)
			DisableScriptedObjects (7ms)
			BackupInstance (0ms)
			ReleaseScriptingObjects (0ms)
			CreateAndSetChildDomain (34ms)
		EndReloadAssembly (988ms)
			LoadAssemblies (90ms)
			RebuildTransferFunctionScriptingTraits (0ms)
			SetupTypeCache (263ms)
			ReleaseScriptCaches (1ms)
			RebuildScriptCaches (45ms)
			SetupLoadedEditorAssemblies (520ms)
				LogAssemblyErrors (0ms)
				InitializePlatformSupportModulesInManaged (18ms)
				SetLoadedEditorAssemblies (1ms)
				RefreshPlugins (1ms)
				BeforeProcessingInitializeOnLoad (107ms)
				ProcessInitializeOnLoadAttributes (341ms)
				ProcessInitializeOnLoadMethodAttributes (35ms)
				AfterProcessingInitializeOnLoad (17ms)
				EditorAssembliesLoaded (0ms)
			ExecutionOrderSort2 (0ms)
			AwakeInstancesAfterBackupRestoration (12ms)
Platform modules already initialized, skipping
Refreshing native plugins compatible for Editor in 1.12 ms, found 4 plugins.
Preloading 0 native plugins for Editor in 0.00 ms.
Unloading 3911 Unused Serialized files (Serialized files now loaded: 0)
Unloading 32 unused Assets / (192.3 KB). Loaded Objects now: 4379.
Memory consumption went from 147.5 MB to 147.3 MB.
Total: 4.703800 ms (FindLiveObjects: 0.448700 ms CreateObjectMapping: 0.310000 ms MarkObjects: 3.803000 ms  DeleteObjects: 0.141200 ms)

AssetImportParameters requested are different than current active one (requested -> active):
  custom:video-decoder-ogg-theora: a1e56fd34408186e4bbccfd4996cb3dc -> 
  custom:container-muxer-webm: aa71ff27fc2769a1b78a27578f13a17b -> 
  custom:container-demuxer-webm: 4f35f7cbe854078d1ac9338744f61a02 -> 
  custom:video-encoder-webm-vp8: eb34c28f22e8b96e1ab97ce403110664 -> 
  custom:audio-encoder-webm-vorbis: bf7c407c2cedff20999df2af8eb42d56 -> 
  custom:framework-win-MediaFoundation: 216162199b28c13a410421893ffa2e32 -> 
  custom:container-demuxer-ogg: 62fdf1f143b41e24485cea50d1cbac27 -> 
  custom:video-decoder-webm-vp8: 9c59270c3fd7afecdb556c50c9e8de78 -> 
  custom:audio-decoder-ogg-vorbis: bf7c407c2cedff20999df2af8eb42d56 -> 
========================================================================
Received Import Request.
  Time since last request: 1281.820666 seconds.
  path: Assets/Sprites/Ground.prefab
  artifactKey: Guid(a935148d58dcc034a9a4e761f42757e4) Importer(815301076,1909f56bfc062723c751e8b465ee728b)
Start importing Assets/Sprites/Ground.prefab using Guid(a935148d58dcc034a9a4e761f42757e4) Importer(815301076,1909f56bfc062723c751e8b465ee728b)  -> (artifact id: '0590303136c6560b710b5c99b94e8289') in 0.157792 seconds 
