Using pre-set license
Built from '2021.2/staging' branch; Version is '2021.2.10f1 (ee872746220e) revision 15632167'; Using compiler version '192829333'; Build Type 'Release'
OS: 'Windows 10  (10.0.19044) 64bit Core' Language: 'ru' Physical Memory: 16334 MB
BatchMode: 1, IsHumanControllingUs: 0, StartBugReporterOnCrash: 0, Is64bit: 1, IsPro: 0

COMMAND LINE ARGUMENTS:
C:\Program Files\Unity\Hub\Editor\2021.2.10f1\Editor\Unity.exe
-adb2
-batchMode
-noUpm
-name
AssetImportWorker0
-projectPath
D:/Documents/Unity Projects/Simple 2D Platformer
-logFile
Logs/AssetImportWorker0.log
-srvPort
1669
Successfully changed project path to: D:/Documents/Unity Projects/Simple 2D Platformer
D:/Documents/Unity Projects/Simple 2D Platformer
[UnityMemory] Configuration Parameters - Can be set up in boot.config
    "memorysetup-bucket-allocator-granularity=16"
    "memorysetup-bucket-allocator-bucket-count=8"
    "memorysetup-bucket-allocator-block-size=33554432"
    "memorysetup-bucket-allocator-block-count=8"
    "memorysetup-main-allocator-block-size=16777216"
    "memorysetup-thread-allocator-block-size=16777216"
    "memorysetup-gfx-main-allocator-block-size=16777216"
    "memorysetup-gfx-thread-allocator-block-size=16777216"
    "memorysetup-cache-allocator-block-size=4194304"
    "memorysetup-typetree-allocator-block-size=2097152"
    "memorysetup-profiler-bucket-allocator-granularity=16"
    "memorysetup-profiler-bucket-allocator-bucket-count=8"
    "memorysetup-profiler-bucket-allocator-block-size=33554432"
    "memorysetup-profiler-bucket-allocator-block-count=8"
    "memorysetup-profiler-allocator-block-size=16777216"
    "memorysetup-profiler-editor-allocator-block-size=1048576"
    "memorysetup-temp-allocator-size-main=16777216"
    "memorysetup-job-temp-allocator-block-size=2097152"
    "memorysetup-job-temp-allocator-block-size-background=1048576"
    "memorysetup-job-temp-allocator-reduction-small-platforms=262144"
    "memorysetup-temp-allocator-size-background-worker=32768"
    "memorysetup-temp-allocator-size-job-worker=262144"
    "memorysetup-temp-allocator-size-preload-manager=33554432"
    "memorysetup-temp-allocator-size-nav-mesh-worker=65536"
    "memorysetup-temp-allocator-size-audio-worker=65536"
    "memorysetup-temp-allocator-size-cloud-worker=32768"
    "memorysetup-temp-allocator-size-gi-baking-worker=262144"
    "memorysetup-temp-allocator-size-gfx=262144"
Refreshing native plugins compatible for Editor in 99.74 ms, found 4 plugins.
Preloading 0 native plugins for Editor in 0.00 ms.
Initialize engine version: 2021.2.10f1 (ee872746220e)
[Subsystems] Discovering subsystems at path C:/Program Files/Unity/Hub/Editor/2021.2.10f1/Editor/Data/Resources/UnitySubsystems
[Subsystems] Discovering subsystems at path D:/Documents/Unity Projects/Simple 2D Platformer/Assets
GfxDevice: creating device client; threaded=0; jobified=0
Direct3D:
    Version:  Direct3D 11.0 [level 11.1]
    Renderer: NVIDIA GeForce GTX 960 (ID=0x1401)
    Vendor:   NVIDIA
    VRAM:     4053 MB
    Driver:   30.0.14.7196
Initialize mono
Mono path[0] = 'C:/Program Files/Unity/Hub/Editor/2021.2.10f1/Editor/Data/Managed'
Mono path[1] = 'C:/Program Files/Unity/Hub/Editor/2021.2.10f1/Editor/Data/MonoBleedingEdge/lib/mono/unityjit-win32'
Mono config path = 'C:/Program Files/Unity/Hub/Editor/2021.2.10f1/Editor/Data/MonoBleedingEdge/etc'
Using monoOptions --debugger-agent=transport=dt_socket,embedding=1,server=y,suspend=n,address=127.0.0.1:56728
Begin MonoManager ReloadAssembly
Registering precompiled unity dll's ...
Register platform support module: C:/Program Files/Unity/Hub/Editor/2021.2.10f1/Editor/Data/PlaybackEngines/WindowsStandaloneSupport/UnityEditor.WindowsStandalone.Extensions.dll
Registered in 0.016598 seconds.
Native extension for WindowsStandalone target not found
Refreshing native plugins compatible for Editor in 97.39 ms, found 4 plugins.
Preloading 0 native plugins for Editor in 0.00 ms.
Mono: successfully reloaded assembly
- Completed reload, in  0.637 seconds
Domain Reload Profiling:
	ReloadAssembly (637ms)
		BeginReloadAssembly (84ms)
			ExecutionOrderSort (0ms)
			DisableScriptedObjects (0ms)
			BackupInstance (0ms)
			ReleaseScriptingObjects (0ms)
			CreateAndSetChildDomain (1ms)
		EndReloadAssembly (455ms)
			LoadAssemblies (79ms)
			RebuildTransferFunctionScriptingTraits (0ms)
			SetupTypeCache (99ms)
			ReleaseScriptCaches (0ms)
			RebuildScriptCaches (25ms)
			SetupLoadedEditorAssemblies (274ms)
				LogAssemblyErrors (0ms)
				InitializePlatformSupportModulesInManaged (17ms)
				SetLoadedEditorAssemblies (0ms)
				RefreshPlugins (97ms)
				BeforeProcessingInitializeOnLoad (1ms)
				ProcessInitializeOnLoadAttributes (115ms)
				ProcessInitializeOnLoadMethodAttributes (42ms)
				AfterProcessingInitializeOnLoad (0ms)
				EditorAssembliesLoaded (0ms)
			ExecutionOrderSort2 (0ms)
			AwakeInstancesAfterBackupRestoration (0ms)
Platform modules already initialized, skipping
Registering precompiled user dll's ...
Registered in 0.008145 seconds.
Begin MonoManager ReloadAssembly
Symbol file LoadedFromMemory doesn't match image D:\Documents\Unity Projects\Simple 2D Platformer\Library\PackageCache\com.unity.visualscripting@1.7.6\Editor\VisualScripting.Core\Dependencies\YamlDotNet\Unity.VisualScripting.YamlDotNet.dll
Symbol file LoadedFromMemory doesn't match image D:\Documents\Unity Projects\Simple 2D Platformer\Library\PackageCache\com.unity.visualscripting@1.7.6\Editor\VisualScripting.Core\Dependencies\DotNetZip\Unity.VisualScripting.IonicZip.dll
Native extension for WindowsStandalone target not found
Refreshing native plugins compatible for Editor in 97.23 ms, found 4 plugins.
Preloading 0 native plugins for Editor in 0.00 ms.
Mono: successfully reloaded assembly
- Completed reload, in  1.668 seconds
Domain Reload Profiling:
	ReloadAssembly (1668ms)
		BeginReloadAssembly (115ms)
			ExecutionOrderSort (0ms)
			DisableScriptedObjects (5ms)
			BackupInstance (0ms)
			ReleaseScriptingObjects (0ms)
			CreateAndSetChildDomain (18ms)
		EndReloadAssembly (1444ms)
			LoadAssemblies (89ms)
			RebuildTransferFunctionScriptingTraits (0ms)
			SetupTypeCache (235ms)
			ReleaseScriptCaches (1ms)
			RebuildScriptCaches (63ms)
			SetupLoadedEditorAssemblies (1003ms)
				LogAssemblyErrors (0ms)
				InitializePlatformSupportModulesInManaged (13ms)
				SetLoadedEditorAssemblies (0ms)
				RefreshPlugins (97ms)
				BeforeProcessingInitializeOnLoad (111ms)
				ProcessInitializeOnLoadAttributes (739ms)
				ProcessInitializeOnLoadMethodAttributes (31ms)
				AfterProcessingInitializeOnLoad (12ms)
				EditorAssembliesLoaded (0ms)
			ExecutionOrderSort2 (0ms)
			AwakeInstancesAfterBackupRestoration (7ms)
Platform modules already initialized, skipping
========================================================================
Worker process is ready to serve import requests
Launched and connected shader compiler UnityShaderCompiler.exe after 0.07 seconds
Refreshing native plugins compatible for Editor in 0.82 ms, found 4 plugins.
Preloading 0 native plugins for Editor in 0.00 ms.
Unloading 3921 Unused Serialized files (Serialized files now loaded: 0)
Unloading 43 unused Assets / (225.5 KB). Loaded Objects now: 4370.
Memory consumption went from 147.2 MB to 146.9 MB.
Total: 3.665000 ms (FindLiveObjects: 0.326700 ms CreateObjectMapping: 0.112200 ms MarkObjects: 3.066800 ms  DeleteObjects: 0.158200 ms)

AssetImportParameters requested are different than current active one (requested -> active):
  custom:video-decoder-ogg-theora: a1e56fd34408186e4bbccfd4996cb3dc -> 
  custom:container-muxer-webm: aa71ff27fc2769a1b78a27578f13a17b -> 
  custom:container-demuxer-webm: 4f35f7cbe854078d1ac9338744f61a02 -> 
  custom:video-encoder-webm-vp8: eb34c28f22e8b96e1ab97ce403110664 -> 
  custom:audio-encoder-webm-vorbis: bf7c407c2cedff20999df2af8eb42d56 -> 
  custom:framework-win-MediaFoundation: 216162199b28c13a410421893ffa2e32 -> 
  custom:container-demuxer-ogg: 62fdf1f143b41e24485cea50d1cbac27 -> 
  custom:video-decoder-webm-vp8: 9c59270c3fd7afecdb556c50c9e8de78 -> 
  custom:audio-decoder-ogg-vorbis: bf7c407c2cedff20999df2af8eb42d56 -> 
========================================================================
Received Import Request.
  Time since last request: 89513.215184 seconds.
  path: Assets/Platform tile pack/ArtWork/Sprites/Tileset.png
  artifactKey: Guid(1b39c0fe73f0433468e25eb21cfde7c2) Importer(815301076,1909f56bfc062723c751e8b465ee728b)
Start importing Assets/Platform tile pack/ArtWork/Sprites/Tileset.png using Guid(1b39c0fe73f0433468e25eb21cfde7c2) Importer(815301076,1909f56bfc062723c751e8b465ee728b)  -> (artifact id: 'f2df6a6a59857067d43d62804af82f0e') in 0.046727 seconds 
========================================================================
Received Import Request.
  Time since last request: 27.641915 seconds.
  path: Assets/Platform tile pack/ArtWork/Tiles/Ground.prefab
  artifactKey: Guid(a935148d58dcc034a9a4e761f42757e4) Importer(815301076,1909f56bfc062723c751e8b465ee728b)
Start importing Assets/Platform tile pack/ArtWork/Tiles/Ground.prefab using Guid(a935148d58dcc034a9a4e761f42757e4) Importer(815301076,1909f56bfc062723c751e8b465ee728b)  -> (artifact id: '13841c38d2e0ee4b76da09b82761730e') in 0.006258 seconds 
========================================================================
Received Import Request.
  Time since last request: 0.031738 seconds.
  path: Assets/Platform tile pack/ArtWork/Tiles/Tileset_2.asset
  artifactKey: Guid(fd23352cb7ddd394395a27114adbaebe) Importer(815301076,1909f56bfc062723c751e8b465ee728b)
Start importing Assets/Platform tile pack/ArtWork/Tiles/Tileset_2.asset using Guid(fd23352cb7ddd394395a27114adbaebe) Importer(815301076,1909f56bfc062723c751e8b465ee728b)  -> (artifact id: '88be0c78be6e2d68e0865321a5d53506') in 0.016386 seconds 
========================================================================
Received Import Request.
  Time since last request: 0.000018 seconds.
  path: Assets/Platform tile pack/ArtWork/Tiles/Tileset_36.asset
  artifactKey: Guid(5c3c5235aea01414a8c4d23ba380a65c) Importer(815301076,1909f56bfc062723c751e8b465ee728b)
Start importing Assets/Platform tile pack/ArtWork/Tiles/Tileset_36.asset using Guid(5c3c5235aea01414a8c4d23ba380a65c) Importer(815301076,1909f56bfc062723c751e8b465ee728b)  -> (artifact id: '3517bed9628b21eb0cbcd10940853860') in 0.004920 seconds 
========================================================================
Received Import Request.
  Time since last request: 0.000032 seconds.
  path: Assets/Platform tile pack/ArtWork/Tiles/Tileset_61.asset
  artifactKey: Guid(5a005fc331a52594cb0d7c1d4e1d251a) Importer(815301076,1909f56bfc062723c751e8b465ee728b)
Start importing Assets/Platform tile pack/ArtWork/Tiles/Tileset_61.asset using Guid(5a005fc331a52594cb0d7c1d4e1d251a) Importer(815301076,1909f56bfc062723c751e8b465ee728b)  -> (artifact id: '279e924817efac9644424d6ba202e4c6') in 0.005470 seconds 
========================================================================
Received Import Request.
  Time since last request: 0.000016 seconds.
  path: Assets/Platform tile pack/ArtWork/Tiles/Tileset_72.asset
  artifactKey: Guid(e0e489981a851d3429c2f446c3591add) Importer(815301076,1909f56bfc062723c751e8b465ee728b)
Start importing Assets/Platform tile pack/ArtWork/Tiles/Tileset_72.asset using Guid(e0e489981a851d3429c2f446c3591add) Importer(815301076,1909f56bfc062723c751e8b465ee728b)  -> (artifact id: '4121d588b1bdf5f12f0fdc25fd24e01d') in 0.006491 seconds 
========================================================================
Received Import Request.
  Time since last request: 0.000015 seconds.
  path: Assets/Platform tile pack/ArtWork/Tiles/Tileset_45.asset
  artifactKey: Guid(212b675a2f56fe3489f9036963963ee1) Importer(815301076,1909f56bfc062723c751e8b465ee728b)
Start importing Assets/Platform tile pack/ArtWork/Tiles/Tileset_45.asset using Guid(212b675a2f56fe3489f9036963963ee1) Importer(815301076,1909f56bfc062723c751e8b465ee728b)  -> (artifact id: '97da00658f7b6aa0442316a871071c00') in 0.005060 seconds 
========================================================================
Received Import Request.
  Time since last request: 0.000017 seconds.
  path: Assets/Platform tile pack/ArtWork/Tiles/Tileset_37.asset
  artifactKey: Guid(21e2c297d67d52a42a7f475fab98fdec) Importer(815301076,1909f56bfc062723c751e8b465ee728b)
Start importing Assets/Platform tile pack/ArtWork/Tiles/Tileset_37.asset using Guid(21e2c297d67d52a42a7f475fab98fdec) Importer(815301076,1909f56bfc062723c751e8b465ee728b)  -> (artifact id: '89a31c968f7ba89c6dcfb5333c4e657c') in 0.005195 seconds 
========================================================================
Received Import Request.
  Time since last request: 0.000021 seconds.
  path: Assets/Platform tile pack/ArtWork/Tiles/Tileset_10.asset
  artifactKey: Guid(58e1f5676beead643bb075afbb4fb334) Importer(815301076,1909f56bfc062723c751e8b465ee728b)
Start importing Assets/Platform tile pack/ArtWork/Tiles/Tileset_10.asset using Guid(58e1f5676beead643bb075afbb4fb334) Importer(815301076,1909f56bfc062723c751e8b465ee728b)  -> (artifact id: '549f3516fc7cf611e34de52f2b3ad209') in 0.005564 seconds 
========================================================================
Received Import Request.
  Time since last request: 0.000017 seconds.
  path: Assets/Platform tile pack/ArtWork/Tiles/Tileset_73.asset
  artifactKey: Guid(65058072dfbdc6b4682d58335cedf5b0) Importer(815301076,1909f56bfc062723c751e8b465ee728b)
Start importing Assets/Platform tile pack/ArtWork/Tiles/Tileset_73.asset using Guid(65058072dfbdc6b4682d58335cedf5b0) Importer(815301076,1909f56bfc062723c751e8b465ee728b)  -> (artifact id: '39b475b86fa94af798f412d7c82c2bcb') in 0.005191 seconds 
========================================================================
Received Import Request.
  Time since last request: 0.000018 seconds.
  path: Assets/Platform tile pack/ArtWork/Tiles/Tileset_40.asset
  artifactKey: Guid(318b928f7b945de4f928bce627770cfc) Importer(815301076,1909f56bfc062723c751e8b465ee728b)
Start importing Assets/Platform tile pack/ArtWork/Tiles/Tileset_40.asset using Guid(318b928f7b945de4f928bce627770cfc) Importer(815301076,1909f56bfc062723c751e8b465ee728b)  -> (artifact id: '5b16ff22e4a403ca48106226e7b34c8a') in 0.004760 seconds 
========================================================================
Received Import Request.
  Time since last request: 0.000015 seconds.
  path: Assets/Platform tile pack/ArtWork/Tiles/Tileset_78.asset
  artifactKey: Guid(ac41e4368b4a56042969ada70a274544) Importer(815301076,1909f56bfc062723c751e8b465ee728b)
Start importing Assets/Platform tile pack/ArtWork/Tiles/Tileset_78.asset using Guid(ac41e4368b4a56042969ada70a274544) Importer(815301076,1909f56bfc062723c751e8b465ee728b)  -> (artifact id: '4209d0fb6fbab0bae10f96485899e63c') in 0.004716 seconds 
========================================================================
Received Import Request.
  Time since last request: 0.000016 seconds.
  path: Assets/Platform tile pack/ArtWork/Tiles/Tileset_79.asset
  artifactKey: Guid(4c1593953d7f06643ae524f9354f910e) Importer(815301076,1909f56bfc062723c751e8b465ee728b)
Start importing Assets/Platform tile pack/ArtWork/Tiles/Tileset_79.asset using Guid(4c1593953d7f06643ae524f9354f910e) Importer(815301076,1909f56bfc062723c751e8b465ee728b)  -> (artifact id: 'c9b7968a2a54a5de60c143efdd7618f7') in 0.005200 seconds 
========================================================================
Received Import Request.
  Time since last request: 0.000015 seconds.
  path: Assets/Platform tile pack/ArtWork/Tiles/Tileset_46.asset
  artifactKey: Guid(9d1046eec6ee7f64c996f242ee0255eb) Importer(815301076,1909f56bfc062723c751e8b465ee728b)
Start importing Assets/Platform tile pack/ArtWork/Tiles/Tileset_46.asset using Guid(9d1046eec6ee7f64c996f242ee0255eb) Importer(815301076,1909f56bfc062723c751e8b465ee728b)  -> (artifact id: '486d7ba9d1415a3efc679730954e21fe') in 0.004926 seconds 
========================================================================
Received Import Request.
  Time since last request: 0.000018 seconds.
  path: Assets/Platform tile pack/ArtWork/Tiles/Tileset_18.asset
  artifactKey: Guid(f2d6b570f5f28c1488b8c127441b7714) Importer(815301076,1909f56bfc062723c751e8b465ee728b)
Start importing Assets/Platform tile pack/ArtWork/Tiles/Tileset_18.asset using Guid(f2d6b570f5f28c1488b8c127441b7714) Importer(815301076,1909f56bfc062723c751e8b465ee728b)  -> (artifact id: '3f46685f3c86d81a0e5f0fc779dab9ff') in 0.005639 seconds 
========================================================================
Received Import Request.
  Time since last request: 0.000014 seconds.
  path: Assets/Platform tile pack/ArtWork/Tiles/Tileset_59.asset
  artifactKey: Guid(9fe29a7d756e8464fb16120803b8dac2) Importer(815301076,1909f56bfc062723c751e8b465ee728b)
Start importing Assets/Platform tile pack/ArtWork/Tiles/Tileset_59.asset using Guid(9fe29a7d756e8464fb16120803b8dac2) Importer(815301076,1909f56bfc062723c751e8b465ee728b)  -> (artifact id: '9d0cb06f7b7b1a6171defa385b9287c8') in 0.005707 seconds 
========================================================================
Received Import Request.
  Time since last request: 0.000020 seconds.
  path: Assets/Platform tile pack/ArtWork/Tiles/Tileset_5.asset
  artifactKey: Guid(c1a5f62c5235afd4daa5be870678f0c6) Importer(815301076,1909f56bfc062723c751e8b465ee728b)
Start importing Assets/Platform tile pack/ArtWork/Tiles/Tileset_5.asset using Guid(c1a5f62c5235afd4daa5be870678f0c6) Importer(815301076,1909f56bfc062723c751e8b465ee728b)  -> (artifact id: '458e5ff9be29e73e19b89964e1cc1b13') in 0.005404 seconds 
========================================================================
Received Import Request.
  Time since last request: 0.000015 seconds.
  path: Assets/Platform tile pack/ArtWork/Tiles/Tileset_66.asset
  artifactKey: Guid(64c0ed4c934d5314bb08c17bf040000a) Importer(815301076,1909f56bfc062723c751e8b465ee728b)
Start importing Assets/Platform tile pack/ArtWork/Tiles/Tileset_66.asset using Guid(64c0ed4c934d5314bb08c17bf040000a) Importer(815301076,1909f56bfc062723c751e8b465ee728b)  -> (artifact id: 'bec954e45a6ee9581528765be75fa222') in 0.004873 seconds 
========================================================================
Received Import Request.
  Time since last request: 0.000017 seconds.
  path: Assets/Platform tile pack/ArtWork/Tiles/Tileset_30.asset
  artifactKey: Guid(5a9f6df97df2fbc46b52a45ed924fa5b) Importer(815301076,1909f56bfc062723c751e8b465ee728b)
Start importing Assets/Platform tile pack/ArtWork/Tiles/Tileset_30.asset using Guid(5a9f6df97df2fbc46b52a45ed924fa5b) Importer(815301076,1909f56bfc062723c751e8b465ee728b)  -> (artifact id: '90886ae7077116576aac219042b7bdd6') in 0.005274 seconds 
========================================================================
Received Import Request.
  Time since last request: 0.000015 seconds.
  path: Assets/Platform tile pack/ArtWork/Tiles/Tileset_6.asset
  artifactKey: Guid(fa17718606ce75e4da62e4c83d2852dd) Importer(815301076,1909f56bfc062723c751e8b465ee728b)
Start importing Assets/Platform tile pack/ArtWork/Tiles/Tileset_6.asset using Guid(fa17718606ce75e4da62e4c83d2852dd) Importer(815301076,1909f56bfc062723c751e8b465ee728b)  -> (artifact id: '37d4358a5268fbd5be447a5a87083330') in 0.005175 seconds 
========================================================================
Received Import Request.
  Time since last request: 0.000016 seconds.
  path: Assets/Platform tile pack/ArtWork/Tiles/Tileset_76.asset
  artifactKey: Guid(3b2c2aa004e7bba4ba9397bc11dd5af3) Importer(815301076,1909f56bfc062723c751e8b465ee728b)
Start importing Assets/Platform tile pack/ArtWork/Tiles/Tileset_76.asset using Guid(3b2c2aa004e7bba4ba9397bc11dd5af3) Importer(815301076,1909f56bfc062723c751e8b465ee728b)  -> (artifact id: 'efb2e7d6b98c0adc5aac2f96034ff412') in 0.004983 seconds 
========================================================================
Received Import Request.
  Time since last request: 0.000019 seconds.
  path: Assets/Platform tile pack/ArtWork/Tiles/Tileset_28.asset
  artifactKey: Guid(2a9c9f904a2908c4a8fa929687241ff1) Importer(815301076,1909f56bfc062723c751e8b465ee728b)
Start importing Assets/Platform tile pack/ArtWork/Tiles/Tileset_28.asset using Guid(2a9c9f904a2908c4a8fa929687241ff1) Importer(815301076,1909f56bfc062723c751e8b465ee728b)  -> (artifact id: '4e49fc6d734196ebab0d232415274a81') in 0.005140 seconds 
========================================================================
Received Import Request.
  Time since last request: 0.000018 seconds.
  path: Assets/Platform tile pack/ArtWork/Tiles/Tileset_62.asset
  artifactKey: Guid(0cfd545bb684149469b126738ff3e9ea) Importer(815301076,1909f56bfc062723c751e8b465ee728b)
Start importing Assets/Platform tile pack/ArtWork/Tiles/Tileset_62.asset using Guid(0cfd545bb684149469b126738ff3e9ea) Importer(815301076,1909f56bfc062723c751e8b465ee728b)  -> (artifact id: '97f6f56fac074bb4ed521e09d8cbf154') in 0.005038 seconds 
========================================================================
Received Import Request.
  Time since last request: 0.000018 seconds.
  path: Assets/Platform tile pack/ArtWork/Tiles/Tileset_27.asset
  artifactKey: Guid(51475e54825946c4ba2937113d957bab) Importer(815301076,1909f56bfc062723c751e8b465ee728b)
Start importing Assets/Platform tile pack/ArtWork/Tiles/Tileset_27.asset using Guid(51475e54825946c4ba2937113d957bab) Importer(815301076,1909f56bfc062723c751e8b465ee728b)  -> (artifact id: '3c2f49055b9d3c67d907c3223eb464b5') in 0.005513 seconds 
========================================================================
Received Import Request.
  Time since last request: 0.000017 seconds.
  path: Assets/Platform tile pack/ArtWork/Tiles/Tileset_11.asset
  artifactKey: Guid(ac4f7f048f7e1db4cb6664d5cce61623) Importer(815301076,1909f56bfc062723c751e8b465ee728b)
Start importing Assets/Platform tile pack/ArtWork/Tiles/Tileset_11.asset using Guid(ac4f7f048f7e1db4cb6664d5cce61623) Importer(815301076,1909f56bfc062723c751e8b465ee728b)  -> (artifact id: 'd430642faffa061ef6492688fb94b1b0') in 0.004976 seconds 
========================================================================
Received Import Request.
  Time since last request: 0.000016 seconds.
  path: Assets/Platform tile pack/ArtWork/Tiles/Tileset_39.asset
  artifactKey: Guid(e4bfa5a1087d88341bf191654927309c) Importer(815301076,1909f56bfc062723c751e8b465ee728b)
Start importing Assets/Platform tile pack/ArtWork/Tiles/Tileset_39.asset using Guid(e4bfa5a1087d88341bf191654927309c) Importer(815301076,1909f56bfc062723c751e8b465ee728b)  -> (artifact id: 'a63e2637f006e20674fac57e15605fa9') in 0.005146 seconds 
========================================================================
Received Import Request.
  Time since last request: 0.000016 seconds.
  path: Assets/Platform tile pack/ArtWork/Tiles/Tileset_41.asset
  artifactKey: Guid(49f1ab7496af14b40a1fb9a022235c94) Importer(815301076,1909f56bfc062723c751e8b465ee728b)
Start importing Assets/Platform tile pack/ArtWork/Tiles/Tileset_41.asset using Guid(49f1ab7496af14b40a1fb9a022235c94) Importer(815301076,1909f56bfc062723c751e8b465ee728b)  -> (artifact id: '0a1a93c70d436fdaeefcb1e3022f6bbb') in 0.005357 seconds 
========================================================================
Received Import Request.
  Time since last request: 0.000016 seconds.
  path: Assets/Platform tile pack/ArtWork/Tiles/Tileset_60.asset
  artifactKey: Guid(03691e55e33e91149a774db171867d16) Importer(815301076,1909f56bfc062723c751e8b465ee728b)
Start importing Assets/Platform tile pack/ArtWork/Tiles/Tileset_60.asset using Guid(03691e55e33e91149a774db171867d16) Importer(815301076,1909f56bfc062723c751e8b465ee728b)  -> (artifact id: 'cd5a0cb6017967c5232eec3eb7f99d78') in 0.005142 seconds 
========================================================================
Received Import Request.
  Time since last request: 0.000019 seconds.
  path: Assets/Platform tile pack/ArtWork/Tiles/Tileset_77.asset
  artifactKey: Guid(8c531b01e0f63654b9f3e8613943aa15) Importer(815301076,1909f56bfc062723c751e8b465ee728b)
Start importing Assets/Platform tile pack/ArtWork/Tiles/Tileset_77.asset using Guid(8c531b01e0f63654b9f3e8613943aa15) Importer(815301076,1909f56bfc062723c751e8b465ee728b)  -> (artifact id: '8b453e5d1c2ef2fafc357012304d0004') in 0.005032 seconds 
========================================================================
Received Import Request.
  Time since last request: 0.000024 seconds.
  path: Assets/Platform tile pack/ArtWork/Tiles/Tileset_54.asset
  artifactKey: Guid(ef3749ed749d0984d99b94e6ea0218b0) Importer(815301076,1909f56bfc062723c751e8b465ee728b)
Start importing Assets/Platform tile pack/ArtWork/Tiles/Tileset_54.asset using Guid(ef3749ed749d0984d99b94e6ea0218b0) Importer(815301076,1909f56bfc062723c751e8b465ee728b)  -> (artifact id: 'd17acdcd33750303e994e519f2897ecd') in 0.005642 seconds 
========================================================================
Received Import Request.
  Time since last request: 0.000019 seconds.
  path: Assets/Platform tile pack/ArtWork/Tiles/Tileset_4.asset
  artifactKey: Guid(fd21828b4d65260479ee9eda7fa891eb) Importer(815301076,1909f56bfc062723c751e8b465ee728b)
Start importing Assets/Platform tile pack/ArtWork/Tiles/Tileset_4.asset using Guid(fd21828b4d65260479ee9eda7fa891eb) Importer(815301076,1909f56bfc062723c751e8b465ee728b)  -> (artifact id: 'b0ef73ee931f6430a28553302211827e') in 0.005018 seconds 
========================================================================
Received Import Request.
  Time since last request: 0.000015 seconds.
  path: Assets/Platform tile pack/ArtWork/Tiles/Tileset_3.asset
  artifactKey: Guid(554275350ef5f9a45b17b3ef2702f579) Importer(815301076,1909f56bfc062723c751e8b465ee728b)
Start importing Assets/Platform tile pack/ArtWork/Tiles/Tileset_3.asset using Guid(554275350ef5f9a45b17b3ef2702f579) Importer(815301076,1909f56bfc062723c751e8b465ee728b)  -> (artifact id: '33d4a2ac4a7e87b61a502c9e1741905e') in 0.005578 seconds 
========================================================================
Received Import Request.
  Time since last request: 0.000015 seconds.
  path: Assets/Platform tile pack/ArtWork/Tiles/Tileset_33.asset
  artifactKey: Guid(e58e50e98ffe32748a0a8ecd5a736e19) Importer(815301076,1909f56bfc062723c751e8b465ee728b)
Start importing Assets/Platform tile pack/ArtWork/Tiles/Tileset_33.asset using Guid(e58e50e98ffe32748a0a8ecd5a736e19) Importer(815301076,1909f56bfc062723c751e8b465ee728b)  -> (artifact id: 'cab73c82a48f3884fc64ab6127e2ef92') in 0.005560 seconds 
========================================================================
Received Import Request.
  Time since last request: 0.000017 seconds.
  path: Assets/Platform tile pack/ArtWork/Tiles/Tileset_53.asset
  artifactKey: Guid(03bf8c13ecc818c4db8c46e4318df40f) Importer(815301076,1909f56bfc062723c751e8b465ee728b)
Start importing Assets/Platform tile pack/ArtWork/Tiles/Tileset_53.asset using Guid(03bf8c13ecc818c4db8c46e4318df40f) Importer(815301076,1909f56bfc062723c751e8b465ee728b)  -> (artifact id: 'e4ae4bd11cd3ff28f7db11f65311cf19') in 0.005195 seconds 
========================================================================
Received Import Request.
  Time since last request: 0.000016 seconds.
  path: Assets/Platform tile pack/ArtWork/Tiles/Tileset_58.asset
  artifactKey: Guid(d2a0dec5ea0f3bc48a6b6ac245e5ff0d) Importer(815301076,1909f56bfc062723c751e8b465ee728b)
Start importing Assets/Platform tile pack/ArtWork/Tiles/Tileset_58.asset using Guid(d2a0dec5ea0f3bc48a6b6ac245e5ff0d) Importer(815301076,1909f56bfc062723c751e8b465ee728b)  -> (artifact id: '601c6be9ed661c823ca35eabb3992e0d') in 0.005601 seconds 
========================================================================
Received Import Request.
  Time since last request: 0.000018 seconds.
  path: Assets/Platform tile pack/ArtWork/Tiles/Tileset_16.asset
  artifactKey: Guid(53a63154ced0e884086f50d42d2c9d98) Importer(815301076,1909f56bfc062723c751e8b465ee728b)
Start importing Assets/Platform tile pack/ArtWork/Tiles/Tileset_16.asset using Guid(53a63154ced0e884086f50d42d2c9d98) Importer(815301076,1909f56bfc062723c751e8b465ee728b)  -> (artifact id: '89f1511b64d1be5bf5e98846e295295f') in 0.006100 seconds 
========================================================================
Received Import Request.
  Time since last request: 0.000026 seconds.
  path: Assets/Platform tile pack/ArtWork/Tiles/Tileset_50.asset
  artifactKey: Guid(8f4bfaa938833c94bb5cb3f6d8de641d) Importer(815301076,1909f56bfc062723c751e8b465ee728b)
Start importing Assets/Platform tile pack/ArtWork/Tiles/Tileset_50.asset using Guid(8f4bfaa938833c94bb5cb3f6d8de641d) Importer(815301076,1909f56bfc062723c751e8b465ee728b)  -> (artifact id: 'd6c9d1964b2efeb6fb0636d95e42ab0e') in 0.005532 seconds 
========================================================================
Received Import Request.
  Time since last request: 0.000015 seconds.
  path: Assets/Platform tile pack/ArtWork/Tiles/Tileset_35.asset
  artifactKey: Guid(161b264981e540842a3509b3646d59b4) Importer(815301076,1909f56bfc062723c751e8b465ee728b)
Start importing Assets/Platform tile pack/ArtWork/Tiles/Tileset_35.asset using Guid(161b264981e540842a3509b3646d59b4) Importer(815301076,1909f56bfc062723c751e8b465ee728b)  -> (artifact id: '617d5c2fe52399352936f2dd7db71bcd') in 0.005075 seconds 
========================================================================
Received Import Request.
  Time since last request: 0.000017 seconds.
  path: Assets/Platform tile pack/ArtWork/Tiles/Tileset_34.asset
  artifactKey: Guid(c0dd572e57542764a9ac0ba7da6ef41c) Importer(815301076,1909f56bfc062723c751e8b465ee728b)
Start importing Assets/Platform tile pack/ArtWork/Tiles/Tileset_34.asset using Guid(c0dd572e57542764a9ac0ba7da6ef41c) Importer(815301076,1909f56bfc062723c751e8b465ee728b)  -> (artifact id: '3bf6c7226d90ed511c204b081cffb5a1') in 0.006648 seconds 
========================================================================
Received Import Request.
  Time since last request: 0.000016 seconds.
  path: Assets/Platform tile pack/ArtWork/Tiles/Tileset_55.asset
  artifactKey: Guid(4f94ae742d6156a4884cee90b7abf97e) Importer(815301076,1909f56bfc062723c751e8b465ee728b)
Start importing Assets/Platform tile pack/ArtWork/Tiles/Tileset_55.asset using Guid(4f94ae742d6156a4884cee90b7abf97e) Importer(815301076,1909f56bfc062723c751e8b465ee728b)  -> (artifact id: '744e4f53e1060f7df2f225520f589da7') in 0.004951 seconds 
========================================================================
Received Import Request.
  Time since last request: 0.000014 seconds.
  path: Assets/Platform tile pack/ArtWork/Tiles/Tileset_71.asset
  artifactKey: Guid(5f25d0d7c55bfa0489f10a7e89d9bfd5) Importer(815301076,1909f56bfc062723c751e8b465ee728b)
Start importing Assets/Platform tile pack/ArtWork/Tiles/Tileset_71.asset using Guid(5f25d0d7c55bfa0489f10a7e89d9bfd5) Importer(815301076,1909f56bfc062723c751e8b465ee728b)  -> (artifact id: '0d0d9dacaa0b6d99f4a8938bcc75ce23') in 0.005827 seconds 
========================================================================
Received Import Request.
  Time since last request: 4.825953 seconds.
  path: Assets/Platform tile pack/ArtWork/Tiles/Tileset_81.asset
  artifactKey: Guid(6b31ecabd51ec1c4cb1656d621c4e7b1) Importer(815301076,1909f56bfc062723c751e8b465ee728b)
Start importing Assets/Platform tile pack/ArtWork/Tiles/Tileset_81.asset using Guid(6b31ecabd51ec1c4cb1656d621c4e7b1) Importer(815301076,1909f56bfc062723c751e8b465ee728b)  -> (artifact id: '0a0ace4dbc7e7220f98b30d0a0a6afae') in 0.006098 seconds 
========================================================================
Received Import Request.
  Time since last request: 0.000018 seconds.
  path: Assets/Platform tile pack/ArtWork/Tiles/Tileset_87.asset
  artifactKey: Guid(4e7a824772fdc3844bb48b3897cc7230) Importer(815301076,1909f56bfc062723c751e8b465ee728b)
Start importing Assets/Platform tile pack/ArtWork/Tiles/Tileset_87.asset using Guid(4e7a824772fdc3844bb48b3897cc7230) Importer(815301076,1909f56bfc062723c751e8b465ee728b)  -> (artifact id: '32d08db9862c98d2fc00f9660d636724') in 0.006161 seconds 
========================================================================
Received Import Request.
  Time since last request: 0.000014 seconds.
  path: Assets/Platform tile pack/ArtWork/Tiles/Tileset_88.asset
  artifactKey: Guid(69a53c6760054054c88b8c74f2a892eb) Importer(815301076,1909f56bfc062723c751e8b465ee728b)
Start importing Assets/Platform tile pack/ArtWork/Tiles/Tileset_88.asset using Guid(69a53c6760054054c88b8c74f2a892eb) Importer(815301076,1909f56bfc062723c751e8b465ee728b)  -> (artifact id: 'd2d44965d7872fcdb0f730beb9800d8d') in 0.005968 seconds 
========================================================================
Received Import Request.
  Time since last request: 0.000018 seconds.
  path: Assets/Platform tile pack/ArtWork/Tiles/Tileset_85.asset
  artifactKey: Guid(124cb9e788022d54ea11708e04648067) Importer(815301076,1909f56bfc062723c751e8b465ee728b)
Start importing Assets/Platform tile pack/ArtWork/Tiles/Tileset_85.asset using Guid(124cb9e788022d54ea11708e04648067) Importer(815301076,1909f56bfc062723c751e8b465ee728b)  -> (artifact id: '4ac4d6909d62ff861d4bd34677728c33') in 0.005854 seconds 
========================================================================
Received Import Request.
  Time since last request: 0.000016 seconds.
  path: Assets/Platform tile pack/ArtWork/Tiles/Tileset_84.asset
  artifactKey: Guid(bbeb8e396c801ad489023a357942ffb8) Importer(815301076,1909f56bfc062723c751e8b465ee728b)
Start importing Assets/Platform tile pack/ArtWork/Tiles/Tileset_84.asset using Guid(bbeb8e396c801ad489023a357942ffb8) Importer(815301076,1909f56bfc062723c751e8b465ee728b)  -> (artifact id: 'd8b9c85431b09e3f9c08dbe74f234830') in 0.005314 seconds 
========================================================================
Received Import Request.
  Time since last request: 0.000017 seconds.
  path: Assets/Platform tile pack/ArtWork/Tiles/Tileset_120.asset
  artifactKey: Guid(6ae5dc93451f2274bbf83dca5df8bdd9) Importer(815301076,1909f56bfc062723c751e8b465ee728b)
Start importing Assets/Platform tile pack/ArtWork/Tiles/Tileset_120.asset using Guid(6ae5dc93451f2274bbf83dca5df8bdd9) Importer(815301076,1909f56bfc062723c751e8b465ee728b)  -> (artifact id: '69fb969c6c9248b0dc5ad8f9da97e1b4') in 0.005568 seconds 
========================================================================
Received Import Request.
  Time since last request: 0.000018 seconds.
  path: Assets/Platform tile pack/ArtWork/Tiles/Tileset_92.asset
  artifactKey: Guid(0859f857b76882e469e80ec4c2785d31) Importer(815301076,1909f56bfc062723c751e8b465ee728b)
Start importing Assets/Platform tile pack/ArtWork/Tiles/Tileset_92.asset using Guid(0859f857b76882e469e80ec4c2785d31) Importer(815301076,1909f56bfc062723c751e8b465ee728b)  -> (artifact id: '8a6648a14f24a519e962c487b7c88671') in 0.005935 seconds 
========================================================================
Received Import Request.
  Time since last request: 0.000017 seconds.
  path: Assets/Platform tile pack/ArtWork/Tiles/Tileset_131.asset
  artifactKey: Guid(5c086bd495d6d8040a35341ca704a665) Importer(815301076,1909f56bfc062723c751e8b465ee728b)
Start importing Assets/Platform tile pack/ArtWork/Tiles/Tileset_131.asset using Guid(5c086bd495d6d8040a35341ca704a665) Importer(815301076,1909f56bfc062723c751e8b465ee728b)  -> (artifact id: '3d9bd4defb8a368b4e90ab793e6efa58') in 0.006332 seconds 
========================================================================
Received Import Request.
  Time since last request: 0.000020 seconds.
  path: Assets/Platform tile pack/ArtWork/Tiles/Tileset_143.asset
  artifactKey: Guid(5a8899f046a84a5459d904e506c5bf60) Importer(815301076,1909f56bfc062723c751e8b465ee728b)
Start importing Assets/Platform tile pack/ArtWork/Tiles/Tileset_143.asset using Guid(5a8899f046a84a5459d904e506c5bf60) Importer(815301076,1909f56bfc062723c751e8b465ee728b)  -> (artifact id: '87b8f4c633e4118c2533a01865f5b01a') in 0.005938 seconds 
========================================================================
Received Import Request.
  Time since last request: 0.000021 seconds.
  path: Assets/Platform tile pack/ArtWork/Tiles/Tileset_119.asset
  artifactKey: Guid(fe195da2c5ff07748b3c389d3db96923) Importer(815301076,1909f56bfc062723c751e8b465ee728b)
Start importing Assets/Platform tile pack/ArtWork/Tiles/Tileset_119.asset using Guid(fe195da2c5ff07748b3c389d3db96923) Importer(815301076,1909f56bfc062723c751e8b465ee728b)  -> (artifact id: '6ba04db725a5e6702ee19abfe69eb9e2') in 0.006200 seconds 
========================================================================
Received Import Request.
  Time since last request: 0.000025 seconds.
  path: Assets/Platform tile pack/ArtWork/Tiles/Tileset_163.asset
  artifactKey: Guid(b568165ab670d9142999bc63001b40fd) Importer(815301076,1909f56bfc062723c751e8b465ee728b)
Start importing Assets/Platform tile pack/ArtWork/Tiles/Tileset_163.asset using Guid(b568165ab670d9142999bc63001b40fd) Importer(815301076,1909f56bfc062723c751e8b465ee728b)  -> (artifact id: '3bbc2346babd0a5ac06493d89e39c52c') in 0.005941 seconds 
========================================================================
Received Import Request.
  Time since last request: 0.000017 seconds.
  path: Assets/Platform tile pack/ArtWork/Tiles/Tileset_115.asset
  artifactKey: Guid(b6551df2090d418448fa18692a666dc2) Importer(815301076,1909f56bfc062723c751e8b465ee728b)
Start importing Assets/Platform tile pack/ArtWork/Tiles/Tileset_115.asset using Guid(b6551df2090d418448fa18692a666dc2) Importer(815301076,1909f56bfc062723c751e8b465ee728b)  -> (artifact id: '0809d2c0ebf7e25d6046e25c481645a4') in 0.005852 seconds 
========================================================================
Received Import Request.
  Time since last request: 0.000064 seconds.
  path: Assets/Platform tile pack/ArtWork/Tiles/Tileset_99.asset
  artifactKey: Guid(bc69c7e0a11ac8c4e8a781d8d86318c9) Importer(815301076,1909f56bfc062723c751e8b465ee728b)
Start importing Assets/Platform tile pack/ArtWork/Tiles/Tileset_99.asset using Guid(bc69c7e0a11ac8c4e8a781d8d86318c9) Importer(815301076,1909f56bfc062723c751e8b465ee728b)  -> (artifact id: '6c9fdd57368343f1af19802ef6b73acf') in 0.005846 seconds 
========================================================================
Received Import Request.
  Time since last request: 0.000019 seconds.
  path: Assets/Platform tile pack/ArtWork/Tiles/Tileset_101.asset
  artifactKey: Guid(1424f172441e5dd46a41c60f34a9be22) Importer(815301076,1909f56bfc062723c751e8b465ee728b)
Start importing Assets/Platform tile pack/ArtWork/Tiles/Tileset_101.asset using Guid(1424f172441e5dd46a41c60f34a9be22) Importer(815301076,1909f56bfc062723c751e8b465ee728b)  -> (artifact id: 'a5aab403d29e62be6108e0e565a966f8') in 0.005963 seconds 
========================================================================
Received Import Request.
  Time since last request: 0.000017 seconds.
  path: Assets/Platform tile pack/ArtWork/Tiles/Tileset_98.asset
  artifactKey: Guid(90719251876abbd4fad17d49c2a1b338) Importer(815301076,1909f56bfc062723c751e8b465ee728b)
Start importing Assets/Platform tile pack/ArtWork/Tiles/Tileset_98.asset using Guid(90719251876abbd4fad17d49c2a1b338) Importer(815301076,1909f56bfc062723c751e8b465ee728b)  -> (artifact id: 'c9275a721d73b3bcc76696c1435057c2') in 0.005933 seconds 
========================================================================
Received Import Request.
  Time since last request: 0.000017 seconds.
  path: Assets/Platform tile pack/ArtWork/Tiles/Tileset_149.asset
  artifactKey: Guid(890e26a7f7ed7c84990985c8d1bda652) Importer(815301076,1909f56bfc062723c751e8b465ee728b)
Start importing Assets/Platform tile pack/ArtWork/Tiles/Tileset_149.asset using Guid(890e26a7f7ed7c84990985c8d1bda652) Importer(815301076,1909f56bfc062723c751e8b465ee728b)  -> (artifact id: '95133012ae89d128ae04801867603a1a') in 0.006146 seconds 
========================================================================
Received Import Request.
  Time since last request: 0.000023 seconds.
  path: Assets/Platform tile pack/ArtWork/Tiles/Tileset_116.asset
  artifactKey: Guid(11e52b7db5da6324299385cbd623f83a) Importer(815301076,1909f56bfc062723c751e8b465ee728b)
Start importing Assets/Platform tile pack/ArtWork/Tiles/Tileset_116.asset using Guid(11e52b7db5da6324299385cbd623f83a) Importer(815301076,1909f56bfc062723c751e8b465ee728b)  -> (artifact id: '95e03b658b8735873facb994b6b10d3b') in 0.006236 seconds 
========================================================================
Received Import Request.
  Time since last request: 0.000019 seconds.
  path: Assets/Platform tile pack/ArtWork/Tiles/Tileset_122.asset
  artifactKey: Guid(2979786ce1bce3443947549297cb22ad) Importer(815301076,1909f56bfc062723c751e8b465ee728b)
Start importing Assets/Platform tile pack/ArtWork/Tiles/Tileset_122.asset using Guid(2979786ce1bce3443947549297cb22ad) Importer(815301076,1909f56bfc062723c751e8b465ee728b)  -> (artifact id: '4cff5cf34dbfdf416c80bca4574e2cc1') in 0.006122 seconds 
========================================================================
Received Import Request.
  Time since last request: 0.000018 seconds.
  path: Assets/Platform tile pack/ArtWork/Tiles/Tileset_126.asset
  artifactKey: Guid(97601efc8c721484aa7193266a8f3d3b) Importer(815301076,1909f56bfc062723c751e8b465ee728b)
Start importing Assets/Platform tile pack/ArtWork/Tiles/Tileset_126.asset using Guid(97601efc8c721484aa7193266a8f3d3b) Importer(815301076,1909f56bfc062723c751e8b465ee728b)  -> (artifact id: '2242e50d8a79ab5def4ca097d636303b') in 0.006038 seconds 
========================================================================
Received Import Request.
  Time since last request: 0.000018 seconds.
  path: Assets/Platform tile pack/ArtWork/Tiles/Tileset_158.asset
  artifactKey: Guid(2d8323ebbe4f86d489bfef20c11288bc) Importer(815301076,1909f56bfc062723c751e8b465ee728b)
Start importing Assets/Platform tile pack/ArtWork/Tiles/Tileset_158.asset using Guid(2d8323ebbe4f86d489bfef20c11288bc) Importer(815301076,1909f56bfc062723c751e8b465ee728b)  -> (artifact id: 'c5bc936097ad4de93b2549c1ddfc2fc7') in 0.006298 seconds 
========================================================================
Received Import Request.
  Time since last request: 0.000017 seconds.
  path: Assets/Platform tile pack/ArtWork/Tiles/Tileset_132.asset
  artifactKey: Guid(600eefc2c6bd2cf4e9413bcef0797af8) Importer(815301076,1909f56bfc062723c751e8b465ee728b)
Start importing Assets/Platform tile pack/ArtWork/Tiles/Tileset_132.asset using Guid(600eefc2c6bd2cf4e9413bcef0797af8) Importer(815301076,1909f56bfc062723c751e8b465ee728b)  -> (artifact id: '01c69cd3a5644b7dba29fc189a511384') in 0.006787 seconds 
========================================================================
Received Import Request.
  Time since last request: 0.000017 seconds.
  path: Assets/Platform tile pack/ArtWork/Tiles/Tileset_137.asset
  artifactKey: Guid(c063982caf8b3a1439bf7a3af0b74c80) Importer(815301076,1909f56bfc062723c751e8b465ee728b)
Start importing Assets/Platform tile pack/ArtWork/Tiles/Tileset_137.asset using Guid(c063982caf8b3a1439bf7a3af0b74c80) Importer(815301076,1909f56bfc062723c751e8b465ee728b)  -> (artifact id: '61a22762b29dc95f42dcbe4ba1227153') in 0.006496 seconds 
========================================================================
Received Import Request.
  Time since last request: 0.000016 seconds.
  path: Assets/Platform tile pack/ArtWork/Tiles/Tileset_93.asset
  artifactKey: Guid(f4c9454fa09eb2b4289df8b310995285) Importer(815301076,1909f56bfc062723c751e8b465ee728b)
Start importing Assets/Platform tile pack/ArtWork/Tiles/Tileset_93.asset using Guid(f4c9454fa09eb2b4289df8b310995285) Importer(815301076,1909f56bfc062723c751e8b465ee728b)  -> (artifact id: 'e0f4350627cb4ea54a64f9f72ece20ef') in 0.005995 seconds 
========================================================================
Received Import Request.
  Time since last request: 0.000017 seconds.
  path: Assets/Platform tile pack/ArtWork/Tiles/Tileset_110.asset
  artifactKey: Guid(3b743ad95790e1744989e634075db682) Importer(815301076,1909f56bfc062723c751e8b465ee728b)
Start importing Assets/Platform tile pack/ArtWork/Tiles/Tileset_110.asset using Guid(3b743ad95790e1744989e634075db682) Importer(815301076,1909f56bfc062723c751e8b465ee728b)  -> (artifact id: 'e3da5d3573020fcca2af3041ab298dd3') in 0.006207 seconds 
========================================================================
Received Import Request.
  Time since last request: 0.000016 seconds.
  path: Assets/Platform tile pack/ArtWork/Tiles/Tileset_100.asset
  artifactKey: Guid(1ce35457d4ed80049ad1ea9c985528d7) Importer(815301076,1909f56bfc062723c751e8b465ee728b)
Start importing Assets/Platform tile pack/ArtWork/Tiles/Tileset_100.asset using Guid(1ce35457d4ed80049ad1ea9c985528d7) Importer(815301076,1909f56bfc062723c751e8b465ee728b)  -> (artifact id: '5200561e1e4a60df30f26dcca60e713c') in 0.006349 seconds 
========================================================================
Received Import Request.
  Time since last request: 0.000018 seconds.
  path: Assets/Platform tile pack/ArtWork/Tiles/Tileset_162.asset
  artifactKey: Guid(8f00d02cf05055f4fbf507ed38953646) Importer(815301076,1909f56bfc062723c751e8b465ee728b)
Start importing Assets/Platform tile pack/ArtWork/Tiles/Tileset_162.asset using Guid(8f00d02cf05055f4fbf507ed38953646) Importer(815301076,1909f56bfc062723c751e8b465ee728b)  -> (artifact id: '154363ecc65e46fd0cb6f692e3804e8f') in 0.005556 seconds 
========================================================================
Received Import Request.
  Time since last request: 0.000020 seconds.
  path: Assets/Platform tile pack/ArtWork/Tiles/Tileset_111.asset
  artifactKey: Guid(03fb9df121cf6fa4ead5fc866902a797) Importer(815301076,1909f56bfc062723c751e8b465ee728b)
Start importing Assets/Platform tile pack/ArtWork/Tiles/Tileset_111.asset using Guid(03fb9df121cf6fa4ead5fc866902a797) Importer(815301076,1909f56bfc062723c751e8b465ee728b)  -> (artifact id: '47acda0d0b672080db308c94c996a36f') in 0.005780 seconds 
========================================================================
Received Import Request.
  Time since last request: 0.000018 seconds.
  path: Assets/Platform tile pack/ArtWork/Tiles/Tileset_144.asset
  artifactKey: Guid(25ed1a64188061a41a306133f6557431) Importer(815301076,1909f56bfc062723c751e8b465ee728b)
Start importing Assets/Platform tile pack/ArtWork/Tiles/Tileset_144.asset using Guid(25ed1a64188061a41a306133f6557431) Importer(815301076,1909f56bfc062723c751e8b465ee728b)  -> (artifact id: '4bf5ca195401e12b6cb529d5cc817178') in 0.005841 seconds 
========================================================================
Received Import Request.
  Time since last request: 0.000023 seconds.
  path: Assets/Platform tile pack/ArtWork/Tiles/Tileset_150.asset
  artifactKey: Guid(457a81be257d8f946bbd1f187e890bb4) Importer(815301076,1909f56bfc062723c751e8b465ee728b)
Start importing Assets/Platform tile pack/ArtWork/Tiles/Tileset_150.asset using Guid(457a81be257d8f946bbd1f187e890bb4) Importer(815301076,1909f56bfc062723c751e8b465ee728b)  -> (artifact id: 'f92542835abf94eacf2b256db713f9da') in 0.005840 seconds 
========================================================================
Received Import Request.
  Time since last request: 0.000021 seconds.
  path: Assets/Platform tile pack/ArtWork/Tiles/Tileset_166.asset
  artifactKey: Guid(6672d2e0c48546d4b8bb9ef89586d430) Importer(815301076,1909f56bfc062723c751e8b465ee728b)
Start importing Assets/Platform tile pack/ArtWork/Tiles/Tileset_166.asset using Guid(6672d2e0c48546d4b8bb9ef89586d430) Importer(815301076,1909f56bfc062723c751e8b465ee728b)  -> (artifact id: 'fd31eaebedca178f07a5caffd1f60a7e') in 0.005745 seconds 
========================================================================
Received Import Request.
  Time since last request: 0.000015 seconds.
  path: Assets/Platform tile pack/ArtWork/Tiles/Tileset_159.asset
  artifactKey: Guid(57c070dadddd84446893e2da4bce8607) Importer(815301076,1909f56bfc062723c751e8b465ee728b)
Start importing Assets/Platform tile pack/ArtWork/Tiles/Tileset_159.asset using Guid(57c070dadddd84446893e2da4bce8607) Importer(815301076,1909f56bfc062723c751e8b465ee728b)  -> (artifact id: '6f1823569c00e099f5685ad4536d694e') in 0.005457 seconds 
Editor requested this worker to shutdown with reason: Scaling down because of idle timeout
AssetImportWorker is now disconnected from the server
Process exiting
Exiting without the bug reporter. Application will terminate with return code 0